@!@!@STARTMSG 2262:0 @!@!@
TLC2 Version 2.14 of 10 July 2019
@!@!@ENDMSG 2262 @!@!@
@!@!@STARTMSG 2187:0 @!@!@
Running breadth-first search Model-Checking with fp 1 and seed -6257849424819934330 with 6 workers on 12 cores with 2373MB heap and 5337MB offheap memory [pid: 1639] (Linux 4.19.0-6-amd64 amd64, AdoptOpenJDK 11.0.3 x86_64, OffHeapDiskFPSet, DiskStateQueue).
@!@!@ENDMSG 2187 @!@!@
@!@!@STARTMSG 2220:0 @!@!@
Starting SANY...
@!@!@ENDMSG 2220 @!@!@
Parsing file /home/isaac/Documents/RChain/TLA+/projects/Casper/GenesisCeremony.toolbox/Model_2/MC.tla
Parsing file /home/isaac/Documents/RChain/TLA+/projects/Casper/GenesisCeremony.toolbox/Model_2/GenesisCeremony.tla
Parsing file /home/isaac/Documents/RChain/TLA+/toolbox/plugins/org.lamport.tlatools_1.0.0.201907102009/tla2sany/StandardModules/TLC.tla
Parsing file /home/isaac/Documents/RChain/TLA+/toolbox/plugins/org.lamport.tlatools_1.0.0.201907102009/tla2sany/StandardModules/FiniteSets.tla
Parsing file /home/isaac/Documents/RChain/TLA+/toolbox/plugins/org.lamport.tlatools_1.0.0.201907102009/tla2sany/StandardModules/Integers.tla
Parsing file /home/isaac/Documents/RChain/TLA+/toolbox/plugins/org.lamport.tlatools_1.0.0.201907102009/tla2sany/StandardModules/Sequences.tla
Parsing file /home/isaac/Documents/RChain/TLA+/toolbox/plugins/org.lamport.tlatools_1.0.0.201907102009/tla2sany/StandardModules/Naturals.tla
Semantic processing of module Naturals
Semantic processing of module Sequences
Semantic processing of module FiniteSets
Semantic processing of module Integers
Semantic processing of module GenesisCeremony
Semantic processing of module TLC
Semantic processing of module MC
@!@!@STARTMSG 2219:0 @!@!@
SANY finished.
@!@!@ENDMSG 2219 @!@!@
@!@!@STARTMSG 2185:0 @!@!@
Starting... (2019-11-18 21:02:56)
@!@!@ENDMSG 2185 @!@!@
@!@!@STARTMSG 2212:0 @!@!@
Implied-temporal checking--satisfiability problem has 1 branches.
@!@!@ENDMSG 2212 @!@!@
@!@!@STARTMSG 2189:0 @!@!@
Computing initial states...
@!@!@ENDMSG 2189 @!@!@
@!@!@STARTMSG 2190:0 @!@!@
Finished computing initial states: 1 distinct state generated at 2019-11-18 21:02:56.
@!@!@ENDMSG 2190 @!@!@
@!@!@STARTMSG 2192:0 @!@!@
Checking temporal properties for the current state space with 22491 total distinct states at (2019-11-18 21:02:59)
@!@!@ENDMSG 2192 @!@!@
@!@!@STARTMSG 2116:1 @!@!@
Temporal properties were violated.

@!@!@ENDMSG 2116 @!@!@
@!@!@STARTMSG 2264:1 @!@!@
The following behavior constitutes a counter-example:

@!@!@ENDMSG 2264 @!@!@
@!@!@STARTMSG 2217:4 @!@!@
1: <Initial predicate>
/\ nInMsg = <<<<>>, <<>>, <<>>>>
/\ nodes = {1, 2, 3}
/\ nStatus = <<"ceremony_master", "genesis_validator", "new">>
/\ nOutStreamMsg = <<<<>>, <<>>, <<>>>>
/\ nOutMsg = <<None, None, None>>

@!@!@ENDMSG 2217 @!@!@
@!@!@STARTMSG 2217:4 @!@!@
2: <CMBroadcastUnapprovedBlock line 194, col 31 to line 199, col 52 of module GenesisCeremony>
/\ nInMsg = <<<<>>, <<>>, <<>>>>
/\ nodes = {1, 2, 3}
/\ nStatus = <<"ceremony_master", "genesis_validator", "new">>
/\ nOutStreamMsg = << << [msg |-> [type |-> "UnapprovedBlock"], from |-> 1, to |-> 2],
      [msg |-> [type |-> "UnapprovedBlock"], from |-> 1, to |-> 3] >>,
   <<>>,
   <<>> >>
/\ nOutMsg = <<None, None, None>>

@!@!@ENDMSG 2217 @!@!@
@!@!@STARTMSG 2217:4 @!@!@
3: <LaunchFromNewToInit line 150, col 24 to line 155, col 49 of module GenesisCeremony>
/\ nInMsg = <<<<>>, <<>>, <<>>>>
/\ nodes = {1, 2, 3}
/\ nStatus = <<"ceremony_master", "genesis_validator", "init">>
/\ nOutStreamMsg = << << [msg |-> [type |-> "UnapprovedBlock"], from |-> 1, to |-> 2],
      [msg |-> [type |-> "UnapprovedBlock"], from |-> 1, to |-> 3] >>,
   <<>>,
   <<>> >>
/\ nOutMsg = << None,
   None,
   [ status |-> "init",
     packet |->
         [msg |-> [type |-> "ApprovedBlockRequest"], from |-> 3, to |-> 1] ] >>

@!@!@ENDMSG 2217 @!@!@
@!@!@STARTMSG 2217:4 @!@!@
4: <TransferMsg line 72, col 16 to line 78, col 50 of module GenesisCeremony>
/\ nInMsg = << <<[msg |-> [type |-> "ApprovedBlockRequest"], from |-> 3, to |-> 1]>>,
   <<>>,
   <<>> >>
/\ nodes = {1, 2, 3}
/\ nStatus = <<"ceremony_master", "genesis_validator", "init">>
/\ nOutStreamMsg = << << [msg |-> [type |-> "UnapprovedBlock"], from |-> 1, to |-> 2],
      [msg |-> [type |-> "UnapprovedBlock"], from |-> 1, to |-> 3] >>,
   <<>>,
   <<>> >>
/\ nOutMsg = << None,
   None,
   [ status |-> "success",
     packet |->
         [msg |-> [type |-> "ApprovedBlockRequest"], from |-> 3, to |-> 1] ] >>

@!@!@ENDMSG 2217 @!@!@
@!@!@STARTMSG 2217:4 @!@!@
5: <SuccessFromNewToInit line 159, col 25 to line 163, col 58 of module GenesisCeremony>
/\ nInMsg = << <<[msg |-> [type |-> "ApprovedBlockRequest"], from |-> 3, to |-> 1]>>,
   <<>>,
   <<>> >>
/\ nodes = {1, 2, 3}
/\ nStatus = <<"ceremony_master", "genesis_validator", "init">>
/\ nOutStreamMsg = << << [msg |-> [type |-> "UnapprovedBlock"], from |-> 1, to |-> 2],
      [msg |-> [type |-> "UnapprovedBlock"], from |-> 1, to |-> 3] >>,
   <<>>,
   <<>> >>
/\ nOutMsg = <<None, None, None>>

@!@!@ENDMSG 2217 @!@!@
@!@!@STARTMSG 2217:4 @!@!@
6: <LooseStreamMsg line 57, col 19 to line 60, col 52 of module GenesisCeremony>
/\ nInMsg = << <<[msg |-> [type |-> "ApprovedBlockRequest"], from |-> 3, to |-> 1]>>,
   <<>>,
   <<>> >>
/\ nodes = {1, 2, 3}
/\ nStatus = <<"ceremony_master", "genesis_validator", "init">>
/\ nOutStreamMsg = <<<<[msg |-> [type |-> "UnapprovedBlock"], from |-> 1, to |-> 3]>>, <<>>, <<>>>>
/\ nOutMsg = <<None, None, None>>

@!@!@ENDMSG 2217 @!@!@
@!@!@STARTMSG 2217:4 @!@!@
7: <DoNotHandle line 102, col 33 to line 104, col 59 of module GenesisCeremony>
/\ nInMsg = <<<<>>, <<>>, <<>>>>
/\ nodes = {1, 2, 3}
/\ nStatus = <<"ceremony_master", "genesis_validator", "init">>
/\ nOutStreamMsg = <<<<[msg |-> [type |-> "UnapprovedBlock"], from |-> 1, to |-> 3]>>, <<>>, <<>>>>
/\ nOutMsg = <<None, None, None>>

@!@!@ENDMSG 2217 @!@!@
@!@!@STARTMSG 2217:4 @!@!@
8: <TransferStreamMsg line 48, col 31 to line 54, col 44 of module GenesisCeremony>
/\ nInMsg = <<<<>>, <<>>, <<[msg |-> [type |-> "UnapprovedBlock"], from |-> 1, to |-> 3]>>>>
/\ nodes = {1, 2, 3}
/\ nStatus = <<"ceremony_master", "genesis_validator", "init">>
/\ nOutStreamMsg = <<<<>>, <<>>, <<>>>>
/\ nOutMsg = <<None, None, None>>

@!@!@ENDMSG 2217 @!@!@
@!@!@STARTMSG 2217:4 @!@!@
9: <InitHandlesUnapprovedBlock line 247, col 31 to line 250, col 44 of module GenesisCeremony>
/\ nInMsg = <<<<>>, <<>>, <<>>>>
/\ nodes = {1, 2, 3}
/\ nStatus = <<"ceremony_master", "genesis_validator", "init">>
/\ nOutStreamMsg = <<<<>>, <<>>, <<[msg |-> [type |-> "BlockApproval"], from |-> 3, to |-> 1]>>>>
/\ nOutMsg = <<None, None, None>>

@!@!@ENDMSG 2217 @!@!@
@!@!@STARTMSG 2217:4 @!@!@
10: <TransferStreamMsg line 48, col 31 to line 54, col 44 of module GenesisCeremony>
/\ nInMsg = <<<<[msg |-> [type |-> "BlockApproval"], from |-> 3, to |-> 1]>>, <<>>, <<>>>>
/\ nodes = {1, 2, 3}
/\ nStatus = <<"ceremony_master", "genesis_validator", "init">>
/\ nOutStreamMsg = <<<<>>, <<>>, <<>>>>
/\ nOutMsg = <<None, None, None>>

@!@!@ENDMSG 2217 @!@!@
@!@!@STARTMSG 2217:4 @!@!@
11: <CeremonyMasterHandlesBlockApproval line 209, col 39 to line 213, col 34 of module GenesisCeremony>
/\ nInMsg = <<<<>>, <<>>, <<>>>>
/\ nodes = {1, 2, 3}
/\ nStatus = <<"running", "genesis_validator", "init">>
/\ nOutStreamMsg = << << [msg |-> [type |-> "ApprovedBlock"], from |-> 1, to |-> 2],
      [msg |-> [type |-> "ApprovedBlock"], from |-> 1, to |-> 3] >>,
   <<>>,
   <<>> >>
/\ nOutMsg = <<None, None, None>>

@!@!@ENDMSG 2217 @!@!@
@!@!@STARTMSG 2217:4 @!@!@
12: <LooseStreamMsg line 57, col 19 to line 60, col 52 of module GenesisCeremony>
/\ nInMsg = <<<<>>, <<>>, <<>>>>
/\ nodes = {1, 2, 3}
/\ nStatus = <<"running", "genesis_validator", "init">>
/\ nOutStreamMsg = <<<<[msg |-> [type |-> "ApprovedBlock"], from |-> 1, to |-> 3]>>, <<>>, <<>>>>
/\ nOutMsg = <<None, None, None>>

@!@!@ENDMSG 2217 @!@!@
@!@!@STARTMSG 2217:4 @!@!@
13: <TransferStreamMsg line 48, col 31 to line 54, col 44 of module GenesisCeremony>
/\ nInMsg = <<<<>>, <<>>, <<[msg |-> [type |-> "ApprovedBlock"], from |-> 1, to |-> 3]>>>>
/\ nodes = {1, 2, 3}
/\ nStatus = <<"running", "genesis_validator", "init">>
/\ nOutStreamMsg = <<<<>>, <<>>, <<>>>>
/\ nOutMsg = <<None, None, None>>

@!@!@ENDMSG 2217 @!@!@
@!@!@STARTMSG 2217:4 @!@!@
14: <InitHandlesApprovedBlock line 240, col 29 to line 243, col 50 of module GenesisCeremony>
/\ nInMsg = <<<<>>, <<>>, <<>>>>
/\ nodes = {1, 2, 3}
/\ nStatus = <<"running", "genesis_validator", "running">>
/\ nOutStreamMsg = <<<<>>, <<>>, <<>>>>
/\ nOutMsg = <<None, None, None>>

@!@!@ENDMSG 2217 @!@!@
@!@!@STARTMSG 2218:4 @!@!@
15: Stuttering
@!@!@ENDMSG 2218 @!@!@
@!@!@STARTMSG 2267:0 @!@!@
Finished checking temporal properties in 00s at 2019-11-18 21:03:00
@!@!@ENDMSG 2267 @!@!@
@!@!@STARTMSG 2201:0 @!@!@
The coverage statistics at 2019-11-18 21:03:00
@!@!@ENDMSG 2201 @!@!@
@!@!@STARTMSG 2773:0 @!@!@
<Init line 288, col 1 to line 288, col 4 of module GenesisCeremony>: 2:2
@!@!@ENDMSG 2773 @!@!@
@!@!@STARTMSG 2775:0 @!@!@
  line 289, col 14 to line 289, col 33 of module GenesisCeremony: 2:16052184
@!@!@ENDMSG 2775 @!@!@
@!@!@STARTMSG 2221:0 @!@!@
  |line 289, col 15 to line 289, col 18 of module GenesisCeremony: 6
@!@!@ENDMSG 2221 @!@!@
@!@!@STARTMSG 2221:0 @!@!@
  |line 289, col 28 to line 289, col 32 of module GenesisCeremony: 2
@!@!@ENDMSG 2221 @!@!@
@!@!@STARTMSG 2221:0 @!@!@
  line 290, col 6 to line 290, col 50 of module GenesisCeremony: 2
@!@!@ENDMSG 2221 @!@!@
@!@!@STARTMSG 2221:0 @!@!@
  line 291, col 6 to line 291, col 37 of module GenesisCeremony: 2
@!@!@ENDMSG 2221 @!@!@
@!@!@STARTMSG 2221:0 @!@!@
  line 292, col 6 to line 292, col 44 of module GenesisCeremony: 2
@!@!@ENDMSG 2221 @!@!@
@!@!@STARTMSG 2221:0 @!@!@
  line 293, col 6 to line 293, col 37 of module GenesisCeremony: 2
@!@!@ENDMSG 2221 @!@!@
@!@!@STARTMSG 2221:0 @!@!@
  line 294, col 6 to line 294, col 52 of module GenesisCeremony: 2
@!@!@ENDMSG 2221 @!@!@
@!@!@STARTMSG 2221:0 @!@!@
  line 295, col 6 to line 295, col 54 of module GenesisCeremony: 2
@!@!@ENDMSG 2221 @!@!@
@!@!@STARTMSG 2221:0 @!@!@
  |line 295, col 23 to line 295, col 54 of module GenesisCeremony: 4
@!@!@ENDMSG 2221 @!@!@
@!@!@STARTMSG 2221:0 @!@!@
  |line 295, col 15 to line 295, col 19 of module GenesisCeremony: 2
@!@!@ENDMSG 2221 @!@!@
@!@!@STARTMSG 2772:0 @!@!@
<TransferStreamMsg line 48, col 1 to line 48, col 26 of module GenesisCeremony>: 8140:27070
@!@!@ENDMSG 2772 @!@!@
@!@!@STARTMSG 2221:0 @!@!@
  line 49, col 6 to line 49, col 29 of module GenesisCeremony: 297103
@!@!@ENDMSG 2221 @!@!@
@!@!@STARTMSG 2221:0 @!@!@
  |line 49, col 6 to line 49, col 21 of module GenesisCeremony: 270033
@!@!@ENDMSG 2221 @!@!@
@!@!@STARTMSG 2221:0 @!@!@
  |line 49, col 25 to line 49, col 29 of module GenesisCeremony: 270033
@!@!@ENDMSG 2221 @!@!@
@!@!@STARTMSG 2221:0 @!@!@
  line 50, col 6 to line 50, col 46 of module GenesisCeremony: 135345
@!@!@ENDMSG 2221 @!@!@
@!@!@STARTMSG 2221:0 @!@!@
  |line 50, col 6 to line 50, col 36 of module GenesisCeremony: 108275
@!@!@ENDMSG 2221 @!@!@
@!@!@STARTMSG 2221:0 @!@!@
  |line 50, col 40 to line 50, col 46 of module GenesisCeremony: 108275
@!@!@ENDMSG 2221 @!@!@
@!@!@STARTMSG 2221:0 @!@!@
  line 51, col 6 to line 51, col 74 of module GenesisCeremony: 27070
@!@!@ENDMSG 2221 @!@!@
@!@!@STARTMSG 2221:0 @!@!@
  line 52, col 6 to line 53, col 84 of module GenesisCeremony: 27070
@!@!@ENDMSG 2221 @!@!@
@!@!@STARTMSG 2221:0 @!@!@
  line 54, col 6 to line 54, col 44 of module GenesisCeremony: 27070
@!@!@ENDMSG 2221 @!@!@
@!@!@STARTMSG 2221:0 @!@!@
  line 48, col 40 to line 48, col 44 of module GenesisCeremony: 90011
@!@!@ENDMSG 2221 @!@!@
@!@!@STARTMSG 2772:0 @!@!@
<LooseStreamMsg line 57, col 1 to line 57, col 14 of module GenesisCeremony>: 2332:27066
@!@!@ENDMSG 2772 @!@!@
@!@!@STARTMSG 2221:0 @!@!@
  line 58, col 6 to line 58, col 29 of module GenesisCeremony: 94566
@!@!@ENDMSG 2221 @!@!@
@!@!@STARTMSG 2221:0 @!@!@
  |line 58, col 6 to line 58, col 21 of module GenesisCeremony: 67500
@!@!@ENDMSG 2221 @!@!@
@!@!@STARTMSG 2221:0 @!@!@
  |line 58, col 25 to line 58, col 29 of module GenesisCeremony: 67500
@!@!@ENDMSG 2221 @!@!@
@!@!@STARTMSG 2221:0 @!@!@
  line 59, col 6 to line 59, col 74 of module GenesisCeremony: 27066
@!@!@ENDMSG 2221 @!@!@
@!@!@STARTMSG 2221:0 @!@!@
  line 60, col 6 to line 60, col 52 of module GenesisCeremony: 27066
@!@!@ENDMSG 2221 @!@!@
@!@!@STARTMSG 2221:0 @!@!@
  line 57, col 28 to line 57, col 32 of module GenesisCeremony: 22500
@!@!@ENDMSG 2221 @!@!@
@!@!@STARTMSG 2772:0 @!@!@
<TransferMsg line 72, col 1 to line 72, col 11 of module GenesisCeremony>: 1584:8069
@!@!@ENDMSG 2772 @!@!@
@!@!@STARTMSG 2221:0 @!@!@
  line 73, col 6 to line 73, col 22 of module GenesisCeremony: 75572
@!@!@ENDMSG 2221 @!@!@
@!@!@STARTMSG 2221:0 @!@!@
  |line 73, col 6 to line 73, col 15 of module GenesisCeremony: 67503
@!@!@ENDMSG 2221 @!@!@
@!@!@STARTMSG 2221:0 @!@!@
  |line 73, col 19 to line 73, col 22 of module GenesisCeremony: 67503
@!@!@ENDMSG 2221 @!@!@
@!@!@STARTMSG 2221:0 @!@!@
  line 74, col 6 to line 74, col 31 of module GenesisCeremony: 35137
@!@!@ENDMSG 2221 @!@!@
@!@!@STARTMSG 2221:0 @!@!@
  |line 74, col 6 to line 74, col 22 of module GenesisCeremony: 27068
@!@!@ENDMSG 2221 @!@!@
@!@!@STARTMSG 2221:0 @!@!@
  line 75, col 6 to line 75, col 56 of module GenesisCeremony: 8069
@!@!@ENDMSG 2221 @!@!@
@!@!@STARTMSG 2221:0 @!@!@
  line 76, col 6 to line 77, col 75 of module GenesisCeremony: 8069
@!@!@ENDMSG 2221 @!@!@
@!@!@STARTMSG 2221:0 @!@!@
  line 78, col 6 to line 78, col 50 of module GenesisCeremony: 8069
@!@!@ENDMSG 2221 @!@!@
@!@!@STARTMSG 2221:0 @!@!@
  line 72, col 25 to line 72, col 29 of module GenesisCeremony: 22501
@!@!@ENDMSG 2221 @!@!@
@!@!@STARTMSG 2772:0 @!@!@
<LooseMsg line 81, col 1 to line 81, col 8 of module GenesisCeremony>: 939:8068
@!@!@ENDMSG 2772 @!@!@
@!@!@STARTMSG 2221:0 @!@!@
  line 82, col 6 to line 82, col 22 of module GenesisCeremony: 75562
@!@!@ENDMSG 2221 @!@!@
@!@!@STARTMSG 2221:0 @!@!@
  |line 82, col 6 to line 82, col 15 of module GenesisCeremony: 67494
@!@!@ENDMSG 2221 @!@!@
@!@!@STARTMSG 2221:0 @!@!@
  |line 82, col 19 to line 82, col 22 of module GenesisCeremony: 67494
@!@!@ENDMSG 2221 @!@!@
@!@!@STARTMSG 2221:0 @!@!@
  line 83, col 6 to line 83, col 31 of module GenesisCeremony: 35135
@!@!@ENDMSG 2221 @!@!@
@!@!@STARTMSG 2221:0 @!@!@
  |line 83, col 6 to line 83, col 22 of module GenesisCeremony: 27067
@!@!@ENDMSG 2221 @!@!@
@!@!@STARTMSG 2221:0 @!@!@
  line 84, col 6 to line 84, col 55 of module GenesisCeremony: 8068
@!@!@ENDMSG 2221 @!@!@
@!@!@STARTMSG 2221:0 @!@!@
  line 85, col 6 to line 85, col 58 of module GenesisCeremony: 8068
@!@!@ENDMSG 2221 @!@!@
@!@!@STARTMSG 2221:0 @!@!@
  line 81, col 22 to line 81, col 26 of module GenesisCeremony: 22498
@!@!@ENDMSG 2221 @!@!@
@!@!@STARTMSG 2772:0 @!@!@
<DoNotHandle line 102, col 1 to line 102, col 28 of module GenesisCeremony>: 1881:8655
@!@!@ENDMSG 2772 @!@!@
@!@!@STARTMSG 2221:0 @!@!@
  line 98, col 6 to line 98, col 24 of module GenesisCeremony: 750912
@!@!@ENDMSG 2221 @!@!@
@!@!@STARTMSG 2221:0 @!@!@
  |line 98, col 6 to line 98, col 15 of module GenesisCeremony: 742257
@!@!@ENDMSG 2221 @!@!@
@!@!@STARTMSG 2221:0 @!@!@
  |line 98, col 19 to line 98, col 24 of module GenesisCeremony: 742257
@!@!@ENDMSG 2221 @!@!@
@!@!@STARTMSG 2221:0 @!@!@
  line 90, col 6 to line 90, col 22 of module GenesisCeremony: 164745
@!@!@ENDMSG 2221 @!@!@
@!@!@STARTMSG 2221:0 @!@!@
  |line 90, col 6 to line 90, col 14 of module GenesisCeremony: 156090
@!@!@ENDMSG 2221 @!@!@
@!@!@STARTMSG 2221:0 @!@!@
  |line 90, col 18 to line 90, col 22 of module GenesisCeremony: 156090
@!@!@ENDMSG 2221 @!@!@
@!@!@STARTMSG 2221:0 @!@!@
  line 91, col 6 to line 91, col 39 of module GenesisCeremony: 96391
@!@!@ENDMSG 2221 @!@!@
@!@!@STARTMSG 2221:0 @!@!@
  |line 91, col 6 to line 91, col 29 of module GenesisCeremony: 87736
@!@!@ENDMSG 2221 @!@!@
@!@!@STARTMSG 2221:0 @!@!@
  |line 91, col 33 to line 91, col 39 of module GenesisCeremony: 87736
@!@!@ENDMSG 2221 @!@!@
@!@!@STARTMSG 2221:0 @!@!@
  line 99, col 18 to line 99, col 18 of module GenesisCeremony: 156090
@!@!@ENDMSG 2221 @!@!@
@!@!@STARTMSG 2221:0 @!@!@
  line 99, col 21 to line 99, col 27 of module GenesisCeremony: 87736
@!@!@ENDMSG 2221 @!@!@
@!@!@STARTMSG 2221:0 @!@!@
  line 100, col 6 to line 100, col 20 of module GenesisCeremony: 8655
@!@!@ENDMSG 2221 @!@!@
@!@!@STARTMSG 2221:0 @!@!@
  line 103, col 15 to line 103, col 15 of module GenesisCeremony: 742257
@!@!@ENDMSG 2221 @!@!@
@!@!@STARTMSG 2221:0 @!@!@
  line 103, col 18 to line 103, col 23 of module GenesisCeremony: 742257
@!@!@ENDMSG 2221 @!@!@
@!@!@STARTMSG 2221:0 @!@!@
  line 103, col 26 to line 103, col 32 of module GenesisCeremony: 87736
@!@!@ENDMSG 2221 @!@!@
@!@!@STARTMSG 2221:0 @!@!@
  line 104, col 6 to line 104, col 59 of module GenesisCeremony: 8655
@!@!@ENDMSG 2221 @!@!@
@!@!@STARTMSG 2221:0 @!@!@
  line 102, col 42 to line 102, col 46 of module GenesisCeremony: 247419
@!@!@ENDMSG 2221 @!@!@
@!@!@STARTMSG 2772:0 @!@!@
<LaunchFromNewToInit line 150, col 1 to line 150, col 19 of module GenesisCeremony>: 3:2375
@!@!@ENDMSG 2772 @!@!@
@!@!@STARTMSG 2221:0 @!@!@
  line 151, col 6 to line 151, col 23 of module GenesisCeremony: 69869
@!@!@ENDMSG 2221 @!@!@
@!@!@STARTMSG 2221:0 @!@!@
  |line 151, col 6 to line 151, col 15 of module GenesisCeremony: 67494
@!@!@ENDMSG 2221 @!@!@
@!@!@STARTMSG 2221:0 @!@!@
  line 152, col 6 to line 152, col 22 of module GenesisCeremony: 4750
@!@!@ENDMSG 2221 @!@!@
@!@!@STARTMSG 2221:0 @!@!@
  |line 152, col 6 to line 152, col 15 of module GenesisCeremony: 2375
@!@!@ENDMSG 2221 @!@!@
@!@!@STARTMSG 2221:0 @!@!@
  |line 152, col 19 to line 152, col 22 of module GenesisCeremony: 2375
@!@!@ENDMSG 2221 @!@!@
@!@!@STARTMSG 2221:0 @!@!@
  line 153, col 6 to line 153, col 28 of module GenesisCeremony: 2375
@!@!@ENDMSG 2221 @!@!@
@!@!@STARTMSG 2221:0 @!@!@
  line 68, col 3 to line 69, col 62 of module GenesisCeremony: 2375
@!@!@ENDMSG 2221 @!@!@
@!@!@STARTMSG 2221:0 @!@!@
  line 154, col 14 to line 154, col 36 of module GenesisCeremony: 2375
@!@!@ENDMSG 2221 @!@!@
@!@!@STARTMSG 2221:0 @!@!@
  line 154, col 39 to line 154, col 39 of module GenesisCeremony: 2375
@!@!@ENDMSG 2221 @!@!@
@!@!@STARTMSG 2221:0 @!@!@
  line 154, col 42 to line 154, col 53 of module GenesisCeremony: 2375
@!@!@ENDMSG 2221 @!@!@
@!@!@STARTMSG 2221:0 @!@!@
  |line 142, col 30 to line 142, col 60 of module GenesisCeremony: 2375
@!@!@ENDMSG 2221 @!@!@
@!@!@STARTMSG 2221:0 @!@!@
  ||line 142, col 52 to line 142, col 60 of module GenesisCeremony: 7125
@!@!@ENDMSG 2221 @!@!@
@!@!@STARTMSG 2221:0 @!@!@
  ||line 142, col 44 to line 142, col 48 of module GenesisCeremony: 2375
@!@!@ENDMSG 2221 @!@!@
@!@!@STARTMSG 2221:0 @!@!@
  |line 143, col 21 to line 143, col 34 of module GenesisCeremony: 2375
@!@!@ENDMSG 2221 @!@!@
@!@!@STARTMSG 2221:0 @!@!@
  |line 154, col 52 to line 154, col 52 of module GenesisCeremony: 2375
@!@!@ENDMSG 2221 @!@!@
@!@!@STARTMSG 2221:0 @!@!@
  line 155, col 6 to line 155, col 49 of module GenesisCeremony: 2375
@!@!@ENDMSG 2221 @!@!@
@!@!@STARTMSG 2221:0 @!@!@
  line 150, col 33 to line 150, col 37 of module GenesisCeremony: 22498
@!@!@ENDMSG 2221 @!@!@
@!@!@STARTMSG 2772:0 @!@!@
<SuccessFromNewToInit line 159, col 1 to line 159, col 20 of module GenesisCeremony>: 1457:12017
@!@!@ENDMSG 2772 @!@!@
@!@!@STARTMSG 2221:0 @!@!@
  line 160, col 6 to line 160, col 24 of module GenesisCeremony: 79508
@!@!@ENDMSG 2221 @!@!@
@!@!@STARTMSG 2221:0 @!@!@
  |line 160, col 6 to line 160, col 15 of module GenesisCeremony: 67491
@!@!@ENDMSG 2221 @!@!@
@!@!@STARTMSG 2221:0 @!@!@
  line 161, col 6 to line 161, col 90 of module GenesisCeremony: 51247
@!@!@ENDMSG 2221 @!@!@
@!@!@STARTMSG 2221:0 @!@!@
  |line 161, col 6 to line 161, col 15 of module GenesisCeremony: 39230
@!@!@ENDMSG 2221 @!@!@
@!@!@STARTMSG 2221:0 @!@!@
  |line 161, col 19 to line 161, col 90 of module GenesisCeremony: 39230
@!@!@ENDMSG 2221 @!@!@
@!@!@STARTMSG 2221:0 @!@!@
  ||line 64, col 36 to line 64, col 75 of module GenesisCeremony: 39230
@!@!@ENDMSG 2221 @!@!@
@!@!@STARTMSG 2221:0 @!@!@
  ||line 161, col 44 to line 161, col 89 of module GenesisCeremony: 39230
@!@!@ENDMSG 2221 @!@!@
@!@!@STARTMSG 2221:0 @!@!@
  |||line 30, col 27 to line 30, col 68 of module GenesisCeremony: 39230
@!@!@ENDMSG 2221 @!@!@
@!@!@STARTMSG 2221:0 @!@!@
  |||line 161, col 49 to line 161, col 71 of module GenesisCeremony: 39230
@!@!@ENDMSG 2221 @!@!@
@!@!@STARTMSG 2221:0 @!@!@
  |||line 161, col 74 to line 161, col 74 of module GenesisCeremony: 39230
@!@!@ENDMSG 2221 @!@!@
@!@!@STARTMSG 2221:0 @!@!@
  |||line 161, col 77 to line 161, col 88 of module GenesisCeremony: 39230
@!@!@ENDMSG 2221 @!@!@
@!@!@STARTMSG 2221:0 @!@!@
  ||||line 142, col 30 to line 142, col 60 of module GenesisCeremony: 39230
@!@!@ENDMSG 2221 @!@!@
@!@!@STARTMSG 2221:0 @!@!@
  |||||line 142, col 52 to line 142, col 60 of module GenesisCeremony: 98167
@!@!@ENDMSG 2221 @!@!@
@!@!@STARTMSG 2221:0 @!@!@
  |||||line 142, col 44 to line 142, col 48 of module GenesisCeremony: 39230
@!@!@ENDMSG 2221 @!@!@
@!@!@STARTMSG 2221:0 @!@!@
  ||||line 143, col 21 to line 143, col 34 of module GenesisCeremony: 39230
@!@!@ENDMSG 2221 @!@!@
@!@!@STARTMSG 2221:0 @!@!@
  ||||line 161, col 87 to line 161, col 87 of module GenesisCeremony: 39230
@!@!@ENDMSG 2221 @!@!@
@!@!@STARTMSG 2221:0 @!@!@
  line 162, col 6 to line 162, col 44 of module GenesisCeremony: 12017
@!@!@ENDMSG 2221 @!@!@
@!@!@STARTMSG 2221:0 @!@!@
  line 163, col 6 to line 163, col 58 of module GenesisCeremony: 12017
@!@!@ENDMSG 2221 @!@!@
@!@!@STARTMSG 2221:0 @!@!@
  line 159, col 34 to line 159, col 38 of module GenesisCeremony: 22497
@!@!@ENDMSG 2221 @!@!@
@!@!@STARTMSG 2772:0 @!@!@
<FailedFromNewToInit line 168, col 1 to line 168, col 19 of module GenesisCeremony>: 0:6424
@!@!@ENDMSG 2772 @!@!@
@!@!@STARTMSG 2221:0 @!@!@
  line 169, col 6 to line 169, col 24 of module GenesisCeremony: 73912
@!@!@ENDMSG 2221 @!@!@
@!@!@STARTMSG 2221:0 @!@!@
  |line 169, col 6 to line 169, col 15 of module GenesisCeremony: 67488
@!@!@ENDMSG 2221 @!@!@
@!@!@STARTMSG 2221:0 @!@!@
  line 170, col 6 to line 170, col 89 of module GenesisCeremony: 45653
@!@!@ENDMSG 2221 @!@!@
@!@!@STARTMSG 2221:0 @!@!@
  |line 170, col 6 to line 170, col 15 of module GenesisCeremony: 39229
@!@!@ENDMSG 2221 @!@!@
@!@!@STARTMSG 2221:0 @!@!@
  |line 170, col 19 to line 170, col 89 of module GenesisCeremony: 39229
@!@!@ENDMSG 2221 @!@!@
@!@!@STARTMSG 2221:0 @!@!@
  ||line 64, col 36 to line 64, col 75 of module GenesisCeremony: 39229
@!@!@ENDMSG 2221 @!@!@
@!@!@STARTMSG 2221:0 @!@!@
  ||line 170, col 43 to line 170, col 88 of module GenesisCeremony: 39229
@!@!@ENDMSG 2221 @!@!@
@!@!@STARTMSG 2221:0 @!@!@
  |||line 30, col 27 to line 30, col 68 of module GenesisCeremony: 39229
@!@!@ENDMSG 2221 @!@!@
@!@!@STARTMSG 2221:0 @!@!@
  |||line 170, col 48 to line 170, col 70 of module GenesisCeremony: 39229
@!@!@ENDMSG 2221 @!@!@
@!@!@STARTMSG 2221:0 @!@!@
  |||line 170, col 73 to line 170, col 73 of module GenesisCeremony: 39229
@!@!@ENDMSG 2221 @!@!@
@!@!@STARTMSG 2221:0 @!@!@
  |||line 170, col 76 to line 170, col 87 of module GenesisCeremony: 39229
@!@!@ENDMSG 2221 @!@!@
@!@!@STARTMSG 2221:0 @!@!@
  ||||line 142, col 30 to line 142, col 60 of module GenesisCeremony: 39229
@!@!@ENDMSG 2221 @!@!@
@!@!@STARTMSG 2221:0 @!@!@
  |||||line 142, col 52 to line 142, col 60 of module GenesisCeremony: 98164
@!@!@ENDMSG 2221 @!@!@
@!@!@STARTMSG 2221:0 @!@!@
  |||||line 142, col 44 to line 142, col 48 of module GenesisCeremony: 39229
@!@!@ENDMSG 2221 @!@!@
@!@!@STARTMSG 2221:0 @!@!@
  ||||line 143, col 21 to line 143, col 34 of module GenesisCeremony: 39229
@!@!@ENDMSG 2221 @!@!@
@!@!@STARTMSG 2221:0 @!@!@
  ||||line 170, col 86 to line 170, col 86 of module GenesisCeremony: 39229
@!@!@ENDMSG 2221 @!@!@
@!@!@STARTMSG 2221:0 @!@!@
  line 68, col 3 to line 69, col 62 of module GenesisCeremony: 6424
@!@!@ENDMSG 2221 @!@!@
@!@!@STARTMSG 2221:0 @!@!@
  line 171, col 14 to line 171, col 36 of module GenesisCeremony: 6424
@!@!@ENDMSG 2221 @!@!@
@!@!@STARTMSG 2221:0 @!@!@
  line 171, col 39 to line 171, col 39 of module GenesisCeremony: 6424
@!@!@ENDMSG 2221 @!@!@
@!@!@STARTMSG 2221:0 @!@!@
  line 171, col 42 to line 171, col 53 of module GenesisCeremony: 6424
@!@!@ENDMSG 2221 @!@!@
@!@!@STARTMSG 2221:0 @!@!@
  |line 142, col 30 to line 142, col 60 of module GenesisCeremony: 6424
@!@!@ENDMSG 2221 @!@!@
@!@!@STARTMSG 2221:0 @!@!@
  ||line 142, col 52 to line 142, col 60 of module GenesisCeremony: 16903
@!@!@ENDMSG 2221 @!@!@
@!@!@STARTMSG 2221:0 @!@!@
  ||line 142, col 44 to line 142, col 48 of module GenesisCeremony: 6424
@!@!@ENDMSG 2221 @!@!@
@!@!@STARTMSG 2221:0 @!@!@
  |line 143, col 21 to line 143, col 34 of module GenesisCeremony: 6424
@!@!@ENDMSG 2221 @!@!@
@!@!@STARTMSG 2221:0 @!@!@
  |line 171, col 52 to line 171, col 52 of module GenesisCeremony: 6424
@!@!@ENDMSG 2221 @!@!@
@!@!@STARTMSG 2221:0 @!@!@
  line 172, col 6 to line 172, col 58 of module GenesisCeremony: 6424
@!@!@ENDMSG 2221 @!@!@
@!@!@STARTMSG 2221:0 @!@!@
  line 168, col 33 to line 168, col 37 of module GenesisCeremony: 22496
@!@!@ENDMSG 2221 @!@!@
@!@!@STARTMSG 2772:0 @!@!@
<ResendWhileInit line 174, col 1 to line 174, col 15 of module GenesisCeremony>: 1178:7052
@!@!@ENDMSG 2772 @!@!@
@!@!@STARTMSG 2221:0 @!@!@
  line 175, col 6 to line 175, col 24 of module GenesisCeremony: 74540
@!@!@ENDMSG 2221 @!@!@
@!@!@STARTMSG 2221:0 @!@!@
  |line 175, col 6 to line 175, col 15 of module GenesisCeremony: 67488
@!@!@ENDMSG 2221 @!@!@
@!@!@STARTMSG 2221:0 @!@!@
  line 176, col 6 to line 176, col 22 of module GenesisCeremony: 46281
@!@!@ENDMSG 2221 @!@!@
@!@!@STARTMSG 2221:0 @!@!@
  |line 176, col 6 to line 176, col 15 of module GenesisCeremony: 39229
@!@!@ENDMSG 2221 @!@!@
@!@!@STARTMSG 2221:0 @!@!@
  |line 176, col 19 to line 176, col 22 of module GenesisCeremony: 39229
@!@!@ENDMSG 2221 @!@!@
@!@!@STARTMSG 2221:0 @!@!@
  line 177, col 6 to line 177, col 86 of module GenesisCeremony: 20047
@!@!@ENDMSG 2221 @!@!@
@!@!@STARTMSG 2221:0 @!@!@
  |line 177, col 8 to line 177, col 85 of module GenesisCeremony: 12995
@!@!@ENDMSG 2221 @!@!@
@!@!@STARTMSG 2221:0 @!@!@
  ||line 177, col 8 to line 177, col 53 of module GenesisCeremony: 12995
@!@!@ENDMSG 2221 @!@!@
@!@!@STARTMSG 2221:0 @!@!@
  |||line 30, col 27 to line 30, col 68 of module GenesisCeremony: 12995
@!@!@ENDMSG 2221 @!@!@
@!@!@STARTMSG 2221:0 @!@!@
  |||line 177, col 13 to line 177, col 35 of module GenesisCeremony: 12995
@!@!@ENDMSG 2221 @!@!@
@!@!@STARTMSG 2221:0 @!@!@
  |||line 177, col 38 to line 177, col 38 of module GenesisCeremony: 12995
@!@!@ENDMSG 2221 @!@!@
@!@!@STARTMSG 2221:0 @!@!@
  |||line 177, col 41 to line 177, col 52 of module GenesisCeremony: 12995
@!@!@ENDMSG 2221 @!@!@
@!@!@STARTMSG 2221:0 @!@!@
  ||||line 142, col 30 to line 142, col 60 of module GenesisCeremony: 12995
@!@!@ENDMSG 2221 @!@!@
@!@!@STARTMSG 2221:0 @!@!@
  |||||line 142, col 52 to line 142, col 60 of module GenesisCeremony: 30838
@!@!@ENDMSG 2221 @!@!@
@!@!@STARTMSG 2221:0 @!@!@
  |||||line 142, col 44 to line 142, col 48 of module GenesisCeremony: 12995
@!@!@ENDMSG 2221 @!@!@
@!@!@STARTMSG 2221:0 @!@!@
  ||||line 143, col 21 to line 143, col 34 of module GenesisCeremony: 12995
@!@!@ENDMSG 2221 @!@!@
@!@!@STARTMSG 2221:0 @!@!@
  ||||line 177, col 51 to line 177, col 51 of module GenesisCeremony: 12995
@!@!@ENDMSG 2221 @!@!@
@!@!@STARTMSG 2221:0 @!@!@
  ||line 177, col 59 to line 177, col 85 of module GenesisCeremony: 12995
@!@!@ENDMSG 2221 @!@!@
@!@!@STARTMSG 2221:0 @!@!@
  |||line 22, col 13 to line 22, col 37 of module GenesisCeremony: 12995
@!@!@ENDMSG 2221 @!@!@
@!@!@STARTMSG 2221:0 @!@!@
  ||||line 22, col 15 to line 22, col 18 of module GenesisCeremony: 15449
@!@!@ENDMSG 2221 @!@!@
@!@!@STARTMSG 2221:0 @!@!@
  ||||line 22, col 28 to line 22, col 35 of module GenesisCeremony: 12995
@!@!@ENDMSG 2221 @!@!@
@!@!@STARTMSG 2221:0 @!@!@
  |||line 177, col 65 to line 177, col 84 of module GenesisCeremony: 12995
@!@!@ENDMSG 2221 @!@!@
@!@!@STARTMSG 2221:0 @!@!@
  ||||line 177, col 65 to line 177, col 70 of module GenesisCeremony: 12995
@!@!@ENDMSG 2221 @!@!@
@!@!@STARTMSG 2221:0 @!@!@
  ||||line 177, col 72 to line 177, col 83 of module GenesisCeremony: 12995
@!@!@ENDMSG 2221 @!@!@
@!@!@STARTMSG 2221:0 @!@!@
  |||||line 142, col 30 to line 142, col 60 of module GenesisCeremony: 12995
@!@!@ENDMSG 2221 @!@!@
@!@!@STARTMSG 2221:0 @!@!@
  ||||||line 142, col 52 to line 142, col 60 of module GenesisCeremony: 30838
@!@!@ENDMSG 2221 @!@!@
@!@!@STARTMSG 2221:0 @!@!@
  ||||||line 142, col 44 to line 142, col 48 of module GenesisCeremony: 12995
@!@!@ENDMSG 2221 @!@!@
@!@!@STARTMSG 2221:0 @!@!@
  |||||line 143, col 21 to line 143, col 34 of module GenesisCeremony: 12995
@!@!@ENDMSG 2221 @!@!@
@!@!@STARTMSG 2221:0 @!@!@
  |||||line 177, col 82 to line 177, col 82 of module GenesisCeremony: 12995
@!@!@ENDMSG 2221 @!@!@
@!@!@STARTMSG 2221:0 @!@!@
  line 178, col 6 to line 178, col 86 of module GenesisCeremony: 14752
@!@!@ENDMSG 2221 @!@!@
@!@!@STARTMSG 2221:0 @!@!@
  |line 178, col 8 to line 178, col 85 of module GenesisCeremony: 7700
@!@!@ENDMSG 2221 @!@!@
@!@!@STARTMSG 2221:0 @!@!@
  ||line 178, col 8 to line 178, col 46 of module GenesisCeremony: 7700
@!@!@ENDMSG 2221 @!@!@
@!@!@STARTMSG 2221:0 @!@!@
  |||line 30, col 27 to line 30, col 68 of module GenesisCeremony: 7700
@!@!@ENDMSG 2221 @!@!@
@!@!@STARTMSG 2221:0 @!@!@
  |||line 178, col 13 to line 178, col 28 of module GenesisCeremony: 7700
@!@!@ENDMSG 2221 @!@!@
@!@!@STARTMSG 2221:0 @!@!@
  |||line 178, col 31 to line 178, col 42 of module GenesisCeremony: 7700
@!@!@ENDMSG 2221 @!@!@
@!@!@STARTMSG 2221:0 @!@!@
  ||||line 142, col 30 to line 142, col 60 of module GenesisCeremony: 7700
@!@!@ENDMSG 2221 @!@!@
@!@!@STARTMSG 2221:0 @!@!@
  |||||line 142, col 52 to line 142, col 60 of module GenesisCeremony: 17350
@!@!@ENDMSG 2221 @!@!@
@!@!@STARTMSG 2221:0 @!@!@
  |||||line 142, col 44 to line 142, col 48 of module GenesisCeremony: 7700
@!@!@ENDMSG 2221 @!@!@
@!@!@STARTMSG 2221:0 @!@!@
  ||||line 143, col 21 to line 143, col 34 of module GenesisCeremony: 7700
@!@!@ENDMSG 2221 @!@!@
@!@!@STARTMSG 2221:0 @!@!@
  ||||line 178, col 41 to line 178, col 41 of module GenesisCeremony: 7700
@!@!@ENDMSG 2221 @!@!@
@!@!@STARTMSG 2221:0 @!@!@
  |||line 178, col 45 to line 178, col 45 of module GenesisCeremony: 7700
@!@!@ENDMSG 2221 @!@!@
@!@!@STARTMSG 2221:0 @!@!@
  ||line 178, col 52 to line 178, col 85 of module GenesisCeremony: 7700
@!@!@ENDMSG 2221 @!@!@
@!@!@STARTMSG 2221:0 @!@!@
  |||line 22, col 13 to line 22, col 37 of module GenesisCeremony: 7700
@!@!@ENDMSG 2221 @!@!@
@!@!@STARTMSG 2221:0 @!@!@
  ||||line 22, col 15 to line 22, col 18 of module GenesisCeremony: 4435
@!@!@ENDMSG 2221 @!@!@
@!@!@STARTMSG 2221:0 @!@!@
  ||||line 22, col 28 to line 22, col 35 of module GenesisCeremony: 7700
@!@!@ENDMSG 2221 @!@!@
@!@!@STARTMSG 2221:0 @!@!@
  |||line 178, col 58 to line 178, col 84 of module GenesisCeremony: 7700
@!@!@ENDMSG 2221 @!@!@
@!@!@STARTMSG 2221:0 @!@!@
  ||||line 178, col 58 to line 178, col 70 of module GenesisCeremony: 7700
@!@!@ENDMSG 2221 @!@!@
@!@!@STARTMSG 2221:0 @!@!@
  ||||line 178, col 72 to line 178, col 83 of module GenesisCeremony: 7700
@!@!@ENDMSG 2221 @!@!@
@!@!@STARTMSG 2221:0 @!@!@
  |||||line 142, col 30 to line 142, col 60 of module GenesisCeremony: 7700
@!@!@ENDMSG 2221 @!@!@
@!@!@STARTMSG 2221:0 @!@!@
  ||||||line 142, col 52 to line 142, col 60 of module GenesisCeremony: 17350
@!@!@ENDMSG 2221 @!@!@
@!@!@STARTMSG 2221:0 @!@!@
  ||||||line 142, col 44 to line 142, col 48 of module GenesisCeremony: 7700
@!@!@ENDMSG 2221 @!@!@
@!@!@STARTMSG 2221:0 @!@!@
  |||||line 143, col 21 to line 143, col 34 of module GenesisCeremony: 7700
@!@!@ENDMSG 2221 @!@!@
@!@!@STARTMSG 2221:0 @!@!@
  |||||line 178, col 82 to line 178, col 82 of module GenesisCeremony: 7700
@!@!@ENDMSG 2221 @!@!@
@!@!@STARTMSG 2221:0 @!@!@
  line 68, col 3 to line 69, col 62 of module GenesisCeremony: 7052
@!@!@ENDMSG 2221 @!@!@
@!@!@STARTMSG 2221:0 @!@!@
  line 179, col 14 to line 179, col 36 of module GenesisCeremony: 7052
@!@!@ENDMSG 2221 @!@!@
@!@!@STARTMSG 2221:0 @!@!@
  line 179, col 39 to line 179, col 39 of module GenesisCeremony: 7052
@!@!@ENDMSG 2221 @!@!@
@!@!@STARTMSG 2221:0 @!@!@
  line 179, col 42 to line 179, col 53 of module GenesisCeremony: 7052
@!@!@ENDMSG 2221 @!@!@
@!@!@STARTMSG 2221:0 @!@!@
  |line 142, col 30 to line 142, col 60 of module GenesisCeremony: 7052
@!@!@ENDMSG 2221 @!@!@
@!@!@STARTMSG 2221:0 @!@!@
  ||line 142, col 52 to line 142, col 60 of module GenesisCeremony: 15410
@!@!@ENDMSG 2221 @!@!@
@!@!@STARTMSG 2221:0 @!@!@
  ||line 142, col 44 to line 142, col 48 of module GenesisCeremony: 7052
@!@!@ENDMSG 2221 @!@!@
@!@!@STARTMSG 2221:0 @!@!@
  |line 143, col 21 to line 143, col 34 of module GenesisCeremony: 7052
@!@!@ENDMSG 2221 @!@!@
@!@!@STARTMSG 2221:0 @!@!@
  |line 179, col 52 to line 179, col 52 of module GenesisCeremony: 7052
@!@!@ENDMSG 2221 @!@!@
@!@!@STARTMSG 2221:0 @!@!@
  line 180, col 6 to line 180, col 58 of module GenesisCeremony: 7052
@!@!@ENDMSG 2221 @!@!@
@!@!@STARTMSG 2221:0 @!@!@
  line 174, col 29 to line 174, col 33 of module GenesisCeremony: 22496
@!@!@ENDMSG 2221 @!@!@
@!@!@STARTMSG 2772:0 @!@!@
<CMBroadcastUnapprovedBlock line 194, col 1 to line 194, col 26 of module GenesisCeremony>: 1102:5789
@!@!@ENDMSG 2772 @!@!@
@!@!@STARTMSG 2221:0 @!@!@
  line 195, col 6 to line 195, col 35 of module GenesisCeremony: 73277
@!@!@ENDMSG 2221 @!@!@
@!@!@STARTMSG 2221:0 @!@!@
  |line 195, col 6 to line 195, col 15 of module GenesisCeremony: 67488
@!@!@ENDMSG 2221 @!@!@
@!@!@STARTMSG 2221:0 @!@!@
  line 196, col 6 to line 196, col 79 of module GenesisCeremony: 19919
@!@!@ENDMSG 2221 @!@!@
@!@!@STARTMSG 2221:0 @!@!@
  |line 196, col 8 to line 196, col 78 of module GenesisCeremony: 14130
@!@!@ENDMSG 2221 @!@!@
@!@!@STARTMSG 2221:0 @!@!@
  ||line 196, col 43 to line 196, col 78 of module GenesisCeremony: 8341
@!@!@ENDMSG 2221 @!@!@
@!@!@STARTMSG 2221:0 @!@!@
  ||line 196, col 17 to line 196, col 39 of module GenesisCeremony: 14130
@!@!@ENDMSG 2221 @!@!@
@!@!@STARTMSG 2775:0 @!@!@
  |||line 22, col 13 to line 22, col 37 of module GenesisCeremony: 14130:22471
@!@!@ENDMSG 2775 @!@!@
@!@!@STARTMSG 2221:0 @!@!@
  ||||line 22, col 15 to line 22, col 18 of module GenesisCeremony: 12160
@!@!@ENDMSG 2221 @!@!@
@!@!@STARTMSG 2221:0 @!@!@
  ||||line 22, col 28 to line 22, col 35 of module GenesisCeremony: 14130
@!@!@ENDMSG 2221 @!@!@
@!@!@STARTMSG 2221:0 @!@!@
  |||line 196, col 23 to line 196, col 38 of module GenesisCeremony: 14130
@!@!@ENDMSG 2221 @!@!@
@!@!@STARTMSG 2221:0 @!@!@
  line 197, col 6 to line 197, col 72 of module GenesisCeremony: 11578
@!@!@ENDMSG 2221 @!@!@
@!@!@STARTMSG 2221:0 @!@!@
  |line 197, col 8 to line 197, col 71 of module GenesisCeremony: 5789
@!@!@ENDMSG 2221 @!@!@
@!@!@STARTMSG 2221:0 @!@!@
  ||line 197, col 36 to line 197, col 71 of module GenesisCeremony: 6084
@!@!@ENDMSG 2221 @!@!@
@!@!@STARTMSG 2221:0 @!@!@
  ||line 197, col 17 to line 197, col 32 of module GenesisCeremony: 5789
@!@!@ENDMSG 2221 @!@!@
@!@!@STARTMSG 2775:0 @!@!@
  |||line 22, col 13 to line 22, col 37 of module GenesisCeremony: 5789:11873
@!@!@ENDMSG 2775 @!@!@
@!@!@STARTMSG 2221:0 @!@!@
  ||||line 22, col 15 to line 22, col 18 of module GenesisCeremony: 6563
@!@!@ENDMSG 2221 @!@!@
@!@!@STARTMSG 2221:0 @!@!@
  ||||line 22, col 28 to line 22, col 35 of module GenesisCeremony: 5789
@!@!@ENDMSG 2221 @!@!@
@!@!@STARTMSG 2221:0 @!@!@
  |||line 197, col 23 to line 197, col 31 of module GenesisCeremony: 5789
@!@!@ENDMSG 2221 @!@!@
@!@!@STARTMSG 2221:0 @!@!@
  line 43, col 7 to line 44, col 68 of module GenesisCeremony: 5789
@!@!@ENDMSG 2221 @!@!@
@!@!@STARTMSG 2221:0 @!@!@
  |line 43, col 24 to line 44, col 68 of module GenesisCeremony: 5789
@!@!@ENDMSG 2221 @!@!@
@!@!@STARTMSG 2221:0 @!@!@
  ||line 43, col 25 to line 43, col 37 of module GenesisCeremony: 5789
@!@!@ENDMSG 2221 @!@!@
@!@!@STARTMSG 2221:0 @!@!@
  ||line 43, col 46 to line 44, col 67 of module GenesisCeremony: 5789
@!@!@ENDMSG 2221 @!@!@
@!@!@STARTMSG 2221:0 @!@!@
  ||line 43, col 57 to line 44, col 67 of module GenesisCeremony: 5789
@!@!@ENDMSG 2221 @!@!@
@!@!@STARTMSG 2221:0 @!@!@
  |||line 43, col 57 to line 43, col 76 of module GenesisCeremony: 5789
@!@!@ENDMSG 2221 @!@!@
@!@!@STARTMSG 2221:0 @!@!@
  |||line 44, col 27 to line 44, col 67 of module GenesisCeremony: 5789
@!@!@ENDMSG 2221 @!@!@
@!@!@STARTMSG 2221:0 @!@!@
  ||||line 26, col 16 to line 26, col 69 of module GenesisCeremony: 5789
@!@!@ENDMSG 2221 @!@!@
@!@!@STARTMSG 2221:0 @!@!@
  |||||line 26, col 56 to line 26, col 69 of module GenesisCeremony: 11578
@!@!@ENDMSG 2221 @!@!@
@!@!@STARTMSG 2221:0 @!@!@
  ||||||line 24, col 19 to line 24, col 64 of module GenesisCeremony: 11578
@!@!@ENDMSG 2221 @!@!@
@!@!@STARTMSG 2221:0 @!@!@
  |||||||line 24, col 41 to line 24, col 64 of module GenesisCeremony: 34734
@!@!@ENDMSG 2221 @!@!@
@!@!@STARTMSG 2221:0 @!@!@
  ||||||||line 24, col 42 to line 24, col 52 of module GenesisCeremony: 34734
@!@!@ENDMSG 2221 @!@!@
@!@!@STARTMSG 2221:0 @!@!@
  ||||||||line 24, col 59 to line 24, col 63 of module GenesisCeremony: 23156
@!@!@ENDMSG 2221 @!@!@
@!@!@STARTMSG 2221:0 @!@!@
  |||||||line 24, col 31 to line 24, col 38 of module GenesisCeremony: 11578
@!@!@ENDMSG 2221 @!@!@
@!@!@STARTMSG 2221:0 @!@!@
  ||||||line 26, col 68 to line 26, col 68 of module GenesisCeremony: 11578
@!@!@ENDMSG 2221 @!@!@
@!@!@STARTMSG 2775:0 @!@!@
  |||||line 26, col 29 to line 26, col 52 of module GenesisCeremony: 5789:92624
@!@!@ENDMSG 2775 @!@!@
@!@!@STARTMSG 2775:0 @!@!@
  ||||line 44, col 36 to line 44, col 66 of module GenesisCeremony: 5789:57890
@!@!@ENDMSG 2775 @!@!@
@!@!@STARTMSG 2221:0 @!@!@
  |||||line 44, col 37 to line 44, col 52 of module GenesisCeremony: 11578
@!@!@ENDMSG 2221 @!@!@
@!@!@STARTMSG 2221:0 @!@!@
  |||||line 44, col 62 to line 44, col 65 of module GenesisCeremony: 5789
@!@!@ENDMSG 2221 @!@!@
@!@!@STARTMSG 2221:0 @!@!@
  line 198, col 22 to line 198, col 39 of module GenesisCeremony: 5789
@!@!@ENDMSG 2221 @!@!@
@!@!@STARTMSG 2221:0 @!@!@
  line 198, col 42 to line 198, col 42 of module GenesisCeremony: 5789
@!@!@ENDMSG 2221 @!@!@
@!@!@STARTMSG 2221:0 @!@!@
  line 198, col 45 to line 198, col 55 of module GenesisCeremony: 5789
@!@!@ENDMSG 2221 @!@!@
@!@!@STARTMSG 2221:0 @!@!@
  line 199, col 6 to line 199, col 52 of module GenesisCeremony: 5789
@!@!@ENDMSG 2221 @!@!@
@!@!@STARTMSG 2221:0 @!@!@
  line 194, col 40 to line 194, col 44 of module GenesisCeremony: 22496
@!@!@ENDMSG 2221 @!@!@
@!@!@STARTMSG 2772:0 @!@!@
<CeremonyMasterHandlesBlockApproval line 209, col 1 to line 209, col 34 of module GenesisCeremony>: 1873:5698
@!@!@ENDMSG 2772 @!@!@
@!@!@STARTMSG 2221:0 @!@!@
  line 98, col 6 to line 98, col 24 of module GenesisCeremony: 73180
@!@!@ENDMSG 2221 @!@!@
@!@!@STARTMSG 2221:0 @!@!@
  |line 98, col 6 to line 98, col 15 of module GenesisCeremony: 67482
@!@!@ENDMSG 2221 @!@!@
@!@!@STARTMSG 2221:0 @!@!@
  |line 98, col 19 to line 98, col 24 of module GenesisCeremony: 67482
@!@!@ENDMSG 2221 @!@!@
@!@!@STARTMSG 2221:0 @!@!@
  line 90, col 6 to line 90, col 22 of module GenesisCeremony: 19826
@!@!@ENDMSG 2221 @!@!@
@!@!@STARTMSG 2221:0 @!@!@
  |line 90, col 6 to line 90, col 14 of module GenesisCeremony: 14128
@!@!@ENDMSG 2221 @!@!@
@!@!@STARTMSG 2221:0 @!@!@
  |line 90, col 18 to line 90, col 22 of module GenesisCeremony: 14128
@!@!@ENDMSG 2221 @!@!@
@!@!@STARTMSG 2221:0 @!@!@
  line 91, col 6 to line 91, col 39 of module GenesisCeremony: 15063
@!@!@ENDMSG 2221 @!@!@
@!@!@STARTMSG 2221:0 @!@!@
  |line 91, col 6 to line 91, col 29 of module GenesisCeremony: 9365
@!@!@ENDMSG 2221 @!@!@
@!@!@STARTMSG 2221:0 @!@!@
  |line 91, col 33 to line 91, col 39 of module GenesisCeremony: 9365
@!@!@ENDMSG 2221 @!@!@
@!@!@STARTMSG 2221:0 @!@!@
  line 99, col 18 to line 99, col 18 of module GenesisCeremony: 14128
@!@!@ENDMSG 2221 @!@!@
@!@!@STARTMSG 2221:0 @!@!@
  line 99, col 21 to line 99, col 27 of module GenesisCeremony: 9365
@!@!@ENDMSG 2221 @!@!@
@!@!@STARTMSG 2221:0 @!@!@
  line 100, col 6 to line 100, col 20 of module GenesisCeremony: 5698
@!@!@ENDMSG 2221 @!@!@
@!@!@STARTMSG 2221:0 @!@!@
  line 210, col 15 to line 210, col 15 of module GenesisCeremony: 67482
@!@!@ENDMSG 2221 @!@!@
@!@!@STARTMSG 2221:0 @!@!@
  line 211, col 6 to line 211, col 31 of module GenesisCeremony: 5698
@!@!@ENDMSG 2221 @!@!@
@!@!@STARTMSG 2221:0 @!@!@
  line 43, col 7 to line 44, col 68 of module GenesisCeremony: 5698
@!@!@ENDMSG 2221 @!@!@
@!@!@STARTMSG 2221:0 @!@!@
  |line 43, col 24 to line 44, col 68 of module GenesisCeremony: 5698
@!@!@ENDMSG 2221 @!@!@
@!@!@STARTMSG 2221:0 @!@!@
  ||line 43, col 25 to line 43, col 37 of module GenesisCeremony: 5698
@!@!@ENDMSG 2221 @!@!@
@!@!@STARTMSG 2221:0 @!@!@
  ||line 43, col 46 to line 44, col 67 of module GenesisCeremony: 5698
@!@!@ENDMSG 2221 @!@!@
@!@!@STARTMSG 2221:0 @!@!@
  ||line 43, col 57 to line 44, col 67 of module GenesisCeremony: 5698
@!@!@ENDMSG 2221 @!@!@
@!@!@STARTMSG 2221:0 @!@!@
  |||line 43, col 57 to line 43, col 76 of module GenesisCeremony: 5698
@!@!@ENDMSG 2221 @!@!@
@!@!@STARTMSG 2221:0 @!@!@
  |||line 44, col 27 to line 44, col 67 of module GenesisCeremony: 5698
@!@!@ENDMSG 2221 @!@!@
@!@!@STARTMSG 2221:0 @!@!@
  ||||line 26, col 16 to line 26, col 69 of module GenesisCeremony: 5698
@!@!@ENDMSG 2221 @!@!@
@!@!@STARTMSG 2221:0 @!@!@
  |||||line 26, col 56 to line 26, col 69 of module GenesisCeremony: 11396
@!@!@ENDMSG 2221 @!@!@
@!@!@STARTMSG 2221:0 @!@!@
  ||||||line 24, col 19 to line 24, col 64 of module GenesisCeremony: 11396
@!@!@ENDMSG 2221 @!@!@
@!@!@STARTMSG 2221:0 @!@!@
  |||||||line 24, col 41 to line 24, col 64 of module GenesisCeremony: 34188
@!@!@ENDMSG 2221 @!@!@
@!@!@STARTMSG 2221:0 @!@!@
  ||||||||line 24, col 42 to line 24, col 52 of module GenesisCeremony: 34188
@!@!@ENDMSG 2221 @!@!@
@!@!@STARTMSG 2221:0 @!@!@
  ||||||||line 24, col 59 to line 24, col 63 of module GenesisCeremony: 22792
@!@!@ENDMSG 2221 @!@!@
@!@!@STARTMSG 2221:0 @!@!@
  |||||||line 24, col 31 to line 24, col 38 of module GenesisCeremony: 11396
@!@!@ENDMSG 2221 @!@!@
@!@!@STARTMSG 2221:0 @!@!@
  ||||||line 26, col 68 to line 26, col 68 of module GenesisCeremony: 11396
@!@!@ENDMSG 2221 @!@!@
@!@!@STARTMSG 2775:0 @!@!@
  |||||line 26, col 29 to line 26, col 52 of module GenesisCeremony: 5698:91168
@!@!@ENDMSG 2775 @!@!@
@!@!@STARTMSG 2775:0 @!@!@
  ||||line 44, col 36 to line 44, col 66 of module GenesisCeremony: 5698:56980
@!@!@ENDMSG 2775 @!@!@
@!@!@STARTMSG 2221:0 @!@!@
  |||||line 44, col 37 to line 44, col 52 of module GenesisCeremony: 11396
@!@!@ENDMSG 2221 @!@!@
@!@!@STARTMSG 2221:0 @!@!@
  |||||line 44, col 62 to line 44, col 65 of module GenesisCeremony: 5698
@!@!@ENDMSG 2221 @!@!@
@!@!@STARTMSG 2221:0 @!@!@
  line 212, col 22 to line 212, col 37 of module GenesisCeremony: 5698
@!@!@ENDMSG 2221 @!@!@
@!@!@STARTMSG 2221:0 @!@!@
  line 212, col 40 to line 212, col 40 of module GenesisCeremony: 5698
@!@!@ENDMSG 2221 @!@!@
@!@!@STARTMSG 2221:0 @!@!@
  line 212, col 43 to line 212, col 53 of module GenesisCeremony: 5698
@!@!@ENDMSG 2221 @!@!@
@!@!@STARTMSG 2221:0 @!@!@
  line 213, col 6 to line 213, col 34 of module GenesisCeremony: 5698
@!@!@ENDMSG 2221 @!@!@
@!@!@STARTMSG 2221:0 @!@!@
  line 209, col 48 to line 209, col 52 of module GenesisCeremony: 22494
@!@!@ENDMSG 2221 @!@!@
@!@!@STARTMSG 2772:0 @!@!@
<GenesisValidatorHandlesUnapprovedBlock line 225, col 1 to line 225, col 38 of module GenesisCeremony>: 579:1576
@!@!@ENDMSG 2772 @!@!@
@!@!@STARTMSG 2221:0 @!@!@
  line 98, col 6 to line 98, col 24 of module GenesisCeremony: 69055
@!@!@ENDMSG 2221 @!@!@
@!@!@STARTMSG 2221:0 @!@!@
  |line 98, col 6 to line 98, col 15 of module GenesisCeremony: 67479
@!@!@ENDMSG 2221 @!@!@
@!@!@STARTMSG 2221:0 @!@!@
  |line 98, col 19 to line 98, col 24 of module GenesisCeremony: 67479
@!@!@ENDMSG 2221 @!@!@
@!@!@STARTMSG 2221:0 @!@!@
  line 90, col 6 to line 90, col 22 of module GenesisCeremony: 3709
@!@!@ENDMSG 2221 @!@!@
@!@!@STARTMSG 2221:0 @!@!@
  |line 90, col 6 to line 90, col 14 of module GenesisCeremony: 2133
@!@!@ENDMSG 2221 @!@!@
@!@!@STARTMSG 2221:0 @!@!@
  |line 90, col 18 to line 90, col 22 of module GenesisCeremony: 2133
@!@!@ENDMSG 2221 @!@!@
@!@!@STARTMSG 2221:0 @!@!@
  line 91, col 6 to line 91, col 39 of module GenesisCeremony: 3233
@!@!@ENDMSG 2221 @!@!@
@!@!@STARTMSG 2221:0 @!@!@
  |line 91, col 6 to line 91, col 29 of module GenesisCeremony: 1657
@!@!@ENDMSG 2221 @!@!@
@!@!@STARTMSG 2221:0 @!@!@
  |line 91, col 33 to line 91, col 39 of module GenesisCeremony: 1657
@!@!@ENDMSG 2221 @!@!@
@!@!@STARTMSG 2221:0 @!@!@
  line 99, col 18 to line 99, col 18 of module GenesisCeremony: 2133
@!@!@ENDMSG 2221 @!@!@
@!@!@STARTMSG 2221:0 @!@!@
  line 99, col 21 to line 99, col 27 of module GenesisCeremony: 1657
@!@!@ENDMSG 2221 @!@!@
@!@!@STARTMSG 2221:0 @!@!@
  line 100, col 6 to line 100, col 20 of module GenesisCeremony: 1576
@!@!@ENDMSG 2221 @!@!@
@!@!@STARTMSG 2221:0 @!@!@
  line 226, col 15 to line 226, col 15 of module GenesisCeremony: 67479
@!@!@ENDMSG 2221 @!@!@
@!@!@STARTMSG 2221:0 @!@!@
  line 227, col 6 to line 227, col 28 of module GenesisCeremony: 1576
@!@!@ENDMSG 2221 @!@!@
@!@!@STARTMSG 2221:0 @!@!@
  line 228, col 6 to line 228, col 46 of module GenesisCeremony: 1576
@!@!@ENDMSG 2221 @!@!@
@!@!@STARTMSG 2221:0 @!@!@
  line 229, col 6 to line 229, col 35 of module GenesisCeremony: 1576
@!@!@ENDMSG 2221 @!@!@
@!@!@STARTMSG 2221:0 @!@!@
  line 225, col 52 to line 225, col 56 of module GenesisCeremony: 22493
@!@!@ENDMSG 2221 @!@!@
@!@!@STARTMSG 2772:0 @!@!@
<InitHandlesApprovedBlock line 240, col 1 to line 240, col 24 of module GenesisCeremony>: 1256:2060
@!@!@ENDMSG 2772 @!@!@
@!@!@STARTMSG 2221:0 @!@!@
  line 98, col 6 to line 98, col 24 of module GenesisCeremony: 69539
@!@!@ENDMSG 2221 @!@!@
@!@!@STARTMSG 2221:0 @!@!@
  |line 98, col 6 to line 98, col 15 of module GenesisCeremony: 67479
@!@!@ENDMSG 2221 @!@!@
@!@!@STARTMSG 2221:0 @!@!@
  |line 98, col 19 to line 98, col 24 of module GenesisCeremony: 67479
@!@!@ENDMSG 2221 @!@!@
@!@!@STARTMSG 2221:0 @!@!@
  line 90, col 6 to line 90, col 22 of module GenesisCeremony: 41287
@!@!@ENDMSG 2221 @!@!@
@!@!@STARTMSG 2221:0 @!@!@
  |line 90, col 6 to line 90, col 14 of module GenesisCeremony: 39227
@!@!@ENDMSG 2221 @!@!@
@!@!@STARTMSG 2221:0 @!@!@
  |line 90, col 18 to line 90, col 22 of module GenesisCeremony: 39227
@!@!@ENDMSG 2221 @!@!@
@!@!@STARTMSG 2221:0 @!@!@
  line 91, col 6 to line 91, col 39 of module GenesisCeremony: 24558
@!@!@ENDMSG 2221 @!@!@
@!@!@STARTMSG 2221:0 @!@!@
  |line 91, col 6 to line 91, col 29 of module GenesisCeremony: 22498
@!@!@ENDMSG 2221 @!@!@
@!@!@STARTMSG 2221:0 @!@!@
  |line 91, col 33 to line 91, col 39 of module GenesisCeremony: 22498
@!@!@ENDMSG 2221 @!@!@
@!@!@STARTMSG 2221:0 @!@!@
  line 99, col 18 to line 99, col 18 of module GenesisCeremony: 39227
@!@!@ENDMSG 2221 @!@!@
@!@!@STARTMSG 2221:0 @!@!@
  line 99, col 21 to line 99, col 27 of module GenesisCeremony: 22498
@!@!@ENDMSG 2221 @!@!@
@!@!@STARTMSG 2221:0 @!@!@
  line 100, col 6 to line 100, col 20 of module GenesisCeremony: 2060
@!@!@ENDMSG 2221 @!@!@
@!@!@STARTMSG 2221:0 @!@!@
  line 241, col 15 to line 241, col 15 of module GenesisCeremony: 67479
@!@!@ENDMSG 2221 @!@!@
@!@!@STARTMSG 2221:0 @!@!@
  line 242, col 6 to line 242, col 31 of module GenesisCeremony: 2060
@!@!@ENDMSG 2221 @!@!@
@!@!@STARTMSG 2221:0 @!@!@
  line 243, col 6 to line 243, col 50 of module GenesisCeremony: 2060
@!@!@ENDMSG 2221 @!@!@
@!@!@STARTMSG 2221:0 @!@!@
  line 240, col 38 to line 240, col 42 of module GenesisCeremony: 22493
@!@!@ENDMSG 2221 @!@!@
@!@!@STARTMSG 2772:0 @!@!@
<InitHandlesUnapprovedBlock line 247, col 1 to line 247, col 26 of module GenesisCeremony>: 11469:17102
@!@!@ENDMSG 2772 @!@!@
@!@!@STARTMSG 2221:0 @!@!@
  line 98, col 6 to line 98, col 24 of module GenesisCeremony: 84578
@!@!@ENDMSG 2221 @!@!@
@!@!@STARTMSG 2221:0 @!@!@
  |line 98, col 6 to line 98, col 15 of module GenesisCeremony: 67476
@!@!@ENDMSG 2221 @!@!@
@!@!@STARTMSG 2221:0 @!@!@
  |line 98, col 19 to line 98, col 24 of module GenesisCeremony: 67476
@!@!@ENDMSG 2221 @!@!@
@!@!@STARTMSG 2221:0 @!@!@
  line 90, col 6 to line 90, col 22 of module GenesisCeremony: 56328
@!@!@ENDMSG 2221 @!@!@
@!@!@STARTMSG 2221:0 @!@!@
  |line 90, col 6 to line 90, col 14 of module GenesisCeremony: 39226
@!@!@ENDMSG 2221 @!@!@
@!@!@STARTMSG 2221:0 @!@!@
  |line 90, col 18 to line 90, col 22 of module GenesisCeremony: 39226
@!@!@ENDMSG 2221 @!@!@
@!@!@STARTMSG 2221:0 @!@!@
  line 91, col 6 to line 91, col 39 of module GenesisCeremony: 39599
@!@!@ENDMSG 2221 @!@!@
@!@!@STARTMSG 2221:0 @!@!@
  |line 91, col 6 to line 91, col 29 of module GenesisCeremony: 22497
@!@!@ENDMSG 2221 @!@!@
@!@!@STARTMSG 2221:0 @!@!@
  |line 91, col 33 to line 91, col 39 of module GenesisCeremony: 22497
@!@!@ENDMSG 2221 @!@!@
@!@!@STARTMSG 2221:0 @!@!@
  line 99, col 18 to line 99, col 18 of module GenesisCeremony: 39226
@!@!@ENDMSG 2221 @!@!@
@!@!@STARTMSG 2221:0 @!@!@
  line 99, col 21 to line 99, col 27 of module GenesisCeremony: 22497
@!@!@ENDMSG 2221 @!@!@
@!@!@STARTMSG 2221:0 @!@!@
  line 100, col 6 to line 100, col 20 of module GenesisCeremony: 17102
@!@!@ENDMSG 2221 @!@!@
@!@!@STARTMSG 2221:0 @!@!@
  line 248, col 15 to line 248, col 15 of module GenesisCeremony: 67476
@!@!@ENDMSG 2221 @!@!@
@!@!@STARTMSG 2221:0 @!@!@
  line 249, col 6 to line 249, col 46 of module GenesisCeremony: 17102
@!@!@ENDMSG 2221 @!@!@
@!@!@STARTMSG 2221:0 @!@!@
  line 250, col 6 to line 250, col 44 of module GenesisCeremony: 17102
@!@!@ENDMSG 2221 @!@!@
@!@!@STARTMSG 2221:0 @!@!@
  line 247, col 40 to line 247, col 44 of module GenesisCeremony: 22492
@!@!@ENDMSG 2221 @!@!@
@!@!@STARTMSG 2772:0 @!@!@
<RunningHandlesApprovedBlockRequest line 261, col 1 to line 261, col 34 of module GenesisCeremony>: 1296:1655
@!@!@ENDMSG 2772 @!@!@
@!@!@STARTMSG 2221:0 @!@!@
  line 98, col 6 to line 98, col 24 of module GenesisCeremony: 69128
@!@!@ENDMSG 2221 @!@!@
@!@!@STARTMSG 2221:0 @!@!@
  |line 98, col 6 to line 98, col 15 of module GenesisCeremony: 67473
@!@!@ENDMSG 2221 @!@!@
@!@!@STARTMSG 2221:0 @!@!@
  |line 98, col 19 to line 98, col 24 of module GenesisCeremony: 67473
@!@!@ENDMSG 2221 @!@!@
@!@!@STARTMSG 2221:0 @!@!@
  line 90, col 6 to line 90, col 22 of module GenesisCeremony: 11273
@!@!@ENDMSG 2221 @!@!@
@!@!@STARTMSG 2221:0 @!@!@
  |line 90, col 6 to line 90, col 14 of module GenesisCeremony: 9618
@!@!@ENDMSG 2221 @!@!@
@!@!@STARTMSG 2221:0 @!@!@
  |line 90, col 18 to line 90, col 22 of module GenesisCeremony: 9618
@!@!@ENDMSG 2221 @!@!@
@!@!@STARTMSG 2221:0 @!@!@
  line 91, col 6 to line 91, col 39 of module GenesisCeremony: 4880
@!@!@ENDMSG 2221 @!@!@
@!@!@STARTMSG 2221:0 @!@!@
  |line 91, col 6 to line 91, col 29 of module GenesisCeremony: 3225
@!@!@ENDMSG 2221 @!@!@
@!@!@STARTMSG 2221:0 @!@!@
  |line 91, col 33 to line 91, col 39 of module GenesisCeremony: 3225
@!@!@ENDMSG 2221 @!@!@
@!@!@STARTMSG 2221:0 @!@!@
  line 99, col 18 to line 99, col 18 of module GenesisCeremony: 9618
@!@!@ENDMSG 2221 @!@!@
@!@!@STARTMSG 2221:0 @!@!@
  line 99, col 21 to line 99, col 27 of module GenesisCeremony: 3225
@!@!@ENDMSG 2221 @!@!@
@!@!@STARTMSG 2221:0 @!@!@
  line 100, col 6 to line 100, col 20 of module GenesisCeremony: 1655
@!@!@ENDMSG 2221 @!@!@
@!@!@STARTMSG 2221:0 @!@!@
  line 262, col 15 to line 262, col 15 of module GenesisCeremony: 67473
@!@!@ENDMSG 2221 @!@!@
@!@!@STARTMSG 2221:0 @!@!@
  line 263, col 6 to line 263, col 46 of module GenesisCeremony: 1655
@!@!@ENDMSG 2221 @!@!@
@!@!@STARTMSG 2221:0 @!@!@
  line 264, col 6 to line 264, col 44 of module GenesisCeremony: 1655
@!@!@ENDMSG 2221 @!@!@
@!@!@STARTMSG 2221:0 @!@!@
  line 261, col 48 to line 261, col 52 of module GenesisCeremony: 22491
@!@!@ENDMSG 2221 @!@!@
@!@!@STARTMSG 2774:0 @!@!@
<TypeOK line 134, col 1 to line 134, col 6 of module GenesisCeremony>
@!@!@ENDMSG 2774 @!@!@
@!@!@STARTMSG 2221:0 @!@!@
  line 135, col 3 to line 138, col 93 of module GenesisCeremony: 35090
@!@!@ENDMSG 2221 @!@!@
@!@!@STARTMSG 2221:0 @!@!@
  |line 135, col 6 to line 135, col 53 of module GenesisCeremony: 35090
@!@!@ENDMSG 2221 @!@!@
@!@!@STARTMSG 2221:0 @!@!@
  ||line 135, col 23 to line 135, col 53 of module GenesisCeremony: 105270
@!@!@ENDMSG 2221 @!@!@
@!@!@STARTMSG 2221:0 @!@!@
  ||line 135, col 15 to line 135, col 19 of module GenesisCeremony: 35090
@!@!@ENDMSG 2221 @!@!@
@!@!@STARTMSG 2221:0 @!@!@
  |line 136, col 6 to line 136, col 49 of module GenesisCeremony: 35090
@!@!@ENDMSG 2221 @!@!@
@!@!@STARTMSG 2221:0 @!@!@
  ||line 136, col 23 to line 136, col 49 of module GenesisCeremony: 105270
@!@!@ENDMSG 2221 @!@!@
@!@!@STARTMSG 2221:0 @!@!@
  |||line 130, col 31 to line 130, col 63 of module GenesisCeremony: 105270
@!@!@ENDMSG 2221 @!@!@
@!@!@STARTMSG 2221:0 @!@!@
  ||||line 130, col 31 to line 130, col 45 of module GenesisCeremony: 105270
@!@!@ENDMSG 2221 @!@!@
@!@!@STARTMSG 2775:0 @!@!@
  |||||line 22, col 13 to line 22, col 37 of module GenesisCeremony: 105270:188828
@!@!@ENDMSG 2775 @!@!@
@!@!@STARTMSG 2221:0 @!@!@
  ||||||line 22, col 15 to line 22, col 18 of module GenesisCeremony: 104674
@!@!@ENDMSG 2221 @!@!@
@!@!@STARTMSG 2221:0 @!@!@
  ||||||line 22, col 28 to line 22, col 35 of module GenesisCeremony: 105270
@!@!@ENDMSG 2221 @!@!@
@!@!@STARTMSG 2221:0 @!@!@
  |||||line 130, col 37 to line 130, col 44 of module GenesisCeremony: 105270
@!@!@ENDMSG 2221 @!@!@
@!@!@STARTMSG 2221:0 @!@!@
  ||||line 130, col 57 to line 130, col 63 of module GenesisCeremony: 105270
@!@!@ENDMSG 2221 @!@!@
@!@!@STARTMSG 2221:0 @!@!@
  |||line 136, col 40 to line 136, col 48 of module GenesisCeremony: 105270
@!@!@ENDMSG 2221 @!@!@
@!@!@STARTMSG 2221:0 @!@!@
  ||line 136, col 15 to line 136, col 19 of module GenesisCeremony: 35090
@!@!@ENDMSG 2221 @!@!@
@!@!@STARTMSG 2221:0 @!@!@
  |line 137, col 6 to line 137, col 56 of module GenesisCeremony: 35090
@!@!@ENDMSG 2221 @!@!@
@!@!@STARTMSG 2221:0 @!@!@
  ||line 137, col 23 to line 137, col 56 of module GenesisCeremony: 105270
@!@!@ENDMSG 2221 @!@!@
@!@!@STARTMSG 2221:0 @!@!@
  |||line 130, col 31 to line 130, col 63 of module GenesisCeremony: 105270
@!@!@ENDMSG 2221 @!@!@
@!@!@STARTMSG 2221:0 @!@!@
  ||||line 130, col 31 to line 130, col 45 of module GenesisCeremony: 105270
@!@!@ENDMSG 2221 @!@!@
@!@!@STARTMSG 2775:0 @!@!@
  |||||line 22, col 13 to line 22, col 37 of module GenesisCeremony: 105270:164685
@!@!@ENDMSG 2775 @!@!@
@!@!@STARTMSG 2221:0 @!@!@
  ||||||line 22, col 15 to line 22, col 18 of module GenesisCeremony: 65722
@!@!@ENDMSG 2221 @!@!@
@!@!@STARTMSG 2221:0 @!@!@
  ||||||line 22, col 28 to line 22, col 35 of module GenesisCeremony: 105270
@!@!@ENDMSG 2221 @!@!@
@!@!@STARTMSG 2221:0 @!@!@
  |||||line 130, col 37 to line 130, col 44 of module GenesisCeremony: 105270
@!@!@ENDMSG 2221 @!@!@
@!@!@STARTMSG 2221:0 @!@!@
  ||||line 130, col 57 to line 130, col 63 of module GenesisCeremony: 105270
@!@!@ENDMSG 2221 @!@!@
@!@!@STARTMSG 2221:0 @!@!@
  |||line 137, col 40 to line 137, col 55 of module GenesisCeremony: 105270
@!@!@ENDMSG 2221 @!@!@
@!@!@STARTMSG 2221:0 @!@!@
  ||line 137, col 15 to line 137, col 19 of module GenesisCeremony: 35090
@!@!@ENDMSG 2221 @!@!@
@!@!@STARTMSG 2221:0 @!@!@
  |line 138, col 6 to line 138, col 93 of module GenesisCeremony: 35090
@!@!@ENDMSG 2221 @!@!@
@!@!@STARTMSG 2221:0 @!@!@
  ||line 138, col 23 to line 138, col 93 of module GenesisCeremony: 105270
@!@!@ENDMSG 2221 @!@!@
@!@!@STARTMSG 2221:0 @!@!@
  ||line 138, col 15 to line 138, col 19 of module GenesisCeremony: 35090
@!@!@ENDMSG 2221 @!@!@
@!@!@STARTMSG 2202:0 @!@!@
End of statistics.
@!@!@ENDMSG 2202 @!@!@
@!@!@STARTMSG 2200:0 @!@!@
Progress(17) at 2019-11-18 21:03:00: 140,649 states generated (2,139,690 s/min), 35,090 distinct states found (533,823 ds/min), 12,599 states left on queue.
@!@!@ENDMSG 2200 @!@!@
@!@!@STARTMSG 2199:0 @!@!@
140649 states generated, 35090 distinct states found, 12599 states left on queue.
@!@!@ENDMSG 2199 @!@!@
@!@!@STARTMSG 2186:0 @!@!@
Finished in 3946ms at (2019-11-18 21:03:00)
@!@!@ENDMSG 2186 @!@!@
