@!@!@STARTMSG 2262:0 @!@!@
TLC2 Version 2.14 of 10 July 2019
@!@!@ENDMSG 2262 @!@!@
@!@!@STARTMSG 2187:0 @!@!@
Running breadth-first search Model-Checking with fp 55 and seed 631460517097902480 with 6 workers on 12 cores with 7118MB heap and 64MB offheap memory [pid: 19062] (Linux 4.19.0-6-amd64 amd64, AdoptOpenJDK 11.0.3 x86_64, NoopFPSet, DiskStateQueue).
@!@!@ENDMSG 2187 @!@!@
@!@!@STARTMSG 2220:0 @!@!@
Starting SANY...
@!@!@ENDMSG 2220 @!@!@
Parsing file /home/isaac/Documents/RChain/TLA+/projects/Casper/CBCFramework/CBCCasperSpec.toolbox/Model_1/MC.tla
Parsing file /home/isaac/Documents/RChain/TLA+/projects/Casper/CBCFramework/CBCCasperSpec.toolbox/Model_1/CBCCasperSpec.tla
Parsing file /home/isaac/Documents/RChain/TLA+/toolbox/plugins/org.lamport.tlatools_1.0.0.201907102009/tla2sany/StandardModules/TLC.tla
Parsing file /home/isaac/Documents/RChain/TLA+/toolbox/plugins/org.lamport.tlatools_1.0.0.201907102009/tla2sany/StandardModules/FiniteSets.tla
Parsing file /home/isaac/Documents/RChain/TLA+/toolbox/plugins/org.lamport.tlatools_1.0.0.201907102009/tla2sany/StandardModules/Integers.tla
Parsing file /home/isaac/Documents/RChain/TLA+/toolbox/plugins/org.lamport.tlatools_1.0.0.201907102009/tla2sany/StandardModules/Sequences.tla
Parsing file /home/isaac/Documents/RChain/TLA+/toolbox/plugins/org.lamport.tlatools_1.0.0.201907102009/tla2sany/StandardModules/Naturals.tla
Semantic processing of module Naturals
Semantic processing of module Sequences
Semantic processing of module FiniteSets
Semantic processing of module Integers
Semantic processing of module TLC
Semantic processing of module CBCCasperSpec
Semantic processing of module MC
@!@!@STARTMSG 2219:0 @!@!@
SANY finished.
@!@!@ENDMSG 2219 @!@!@
@!@!@STARTMSG 2185:0 @!@!@
Starting... (2019-12-14 13:10:18)
@!@!@ENDMSG 2185 @!@!@
@!@!@STARTMSG 2105:1 @!@!@
Evaluating assumption line 35, col 8 to line 35, col 65 of module MC failed.
Attempted to check equality of integer 1 with non-integer:
"a"
@!@!@ENDMSG 2105 @!@!@
@!@!@STARTMSG 2186:0 @!@!@
Finished in 419ms at (2019-12-14 13:10:18)
@!@!@ENDMSG 2186 @!@!@
