@!@!@STARTMSG 2262:0 @!@!@
TLC2 Version 2.14 of 10 July 2019
@!@!@ENDMSG 2262 @!@!@
@!@!@STARTMSG 2187:0 @!@!@
Running breadth-first search Model-Checking with fp 90 and seed 936761200437506953 with 6 workers on 12 cores with 2373MB heap and 5337MB offheap memory [pid: 2922] (Linux 4.19.0-6-amd64 amd64, AdoptOpenJDK 11.0.3 x86_64, OffHeapDiskFPSet, DiskStateQueue).
@!@!@ENDMSG 2187 @!@!@
@!@!@STARTMSG 2220:0 @!@!@
Starting SANY...
@!@!@ENDMSG 2220 @!@!@
Parsing file /home/isaac/Documents/RChain/TLA+/projects/Casper/CBCFramework/CBCCasperSpec.toolbox/Model_1/MC.tla
Parsing file /home/isaac/Documents/RChain/TLA+/projects/Casper/CBCFramework/CBCCasperSpec.toolbox/Model_1/CBCCasperSpec.tla
Parsing file /home/isaac/Documents/RChain/TLA+/toolbox/plugins/org.lamport.tlatools_1.0.0.201907102009/tla2sany/StandardModules/TLC.tla
Parsing file /home/isaac/Documents/RChain/TLA+/toolbox/plugins/org.lamport.tlatools_1.0.0.201907102009/tla2sany/StandardModules/FiniteSets.tla
Parsing file /home/isaac/Documents/RChain/TLA+/toolbox/plugins/org.lamport.tlatools_1.0.0.201907102009/tla2sany/StandardModules/Integers.tla
Parsing file /home/isaac/Documents/RChain/TLA+/toolbox/plugins/org.lamport.tlatools_1.0.0.201907102009/tla2sany/StandardModules/Sequences.tla
Parsing file /home/isaac/Documents/RChain/TLA+/toolbox/plugins/org.lamport.tlatools_1.0.0.201907102009/tla2sany/StandardModules/Naturals.tla
Semantic processing of module Naturals
Semantic processing of module Sequences
Semantic processing of module FiniteSets
Semantic processing of module Integers
Semantic processing of module TLC
Semantic processing of module CBCCasperSpec
Semantic processing of module MC
@!@!@STARTMSG 2219:0 @!@!@
SANY finished.
@!@!@ENDMSG 2219 @!@!@
@!@!@STARTMSG 2185:0 @!@!@
Starting... (2019-12-18 17:34:03)
@!@!@ENDMSG 2185 @!@!@
@!@!@STARTMSG 2212:0 @!@!@
Implied-temporal checking--satisfiability problem has 1 branches.
@!@!@ENDMSG 2212 @!@!@
@!@!@STARTMSG 2189:0 @!@!@
Computing initial states...
@!@!@ENDMSG 2189 @!@!@
@!@!@STARTMSG 1000:1 @!@!@
A non-function (a set of the form {e1, ... ,eN}) was applied as a function.
line 248, col 61 to line 248, col 70 of module CBCCasperSpec
@!@!@ENDMSG 1000 @!@!@
@!@!@STARTMSG 2147:1 @!@!@
TLC was unable to fingerprint.

Fingerprint Stack Trace:
0) line 248, col 10 to line 248, col 78 of module CBCCasperSpec

Reason:
A non-function (a set of the form {e1, ... ,eN}) was applied as a function.
line 248, col 61 to line 248, col 70 of module CBCCasperSpec
@!@!@ENDMSG 2147 @!@!@
@!@!@STARTMSG 2201:0 @!@!@
The coverage statistics at 2019-12-18 17:34:04
@!@!@ENDMSG 2201 @!@!@
@!@!@STARTMSG 2773:0 @!@!@
<Init line 516, col 1 to line 516, col 4 of module CBCCasperSpec>: 0:0
@!@!@ENDMSG 2773 @!@!@
@!@!@STARTMSG 2221:0 @!@!@
  line 517, col 3 to line 526, col 38 of module CBCCasperSpec: 2
@!@!@ENDMSG 2221 @!@!@
@!@!@STARTMSG 2772:0 @!@!@
<Send_Honest line 561, col 1 to line 561, col 11 of module CBCCasperSpec>: 0:0
@!@!@ENDMSG 2772 @!@!@
@!@!@STARTMSG 2221:0 @!@!@
  line 555, col 6 to line 555, col 53 of module CBCCasperSpec: 0
@!@!@ENDMSG 2221 @!@!@
@!@!@STARTMSG 2221:0 @!@!@
  line 556, col 6 to line 556, col 68 of module CBCCasperSpec: 0
@!@!@ENDMSG 2221 @!@!@
@!@!@STARTMSG 2221:0 @!@!@
  line 557, col 6 to line 557, col 89 of module CBCCasperSpec: 0
@!@!@ENDMSG 2221 @!@!@
@!@!@STARTMSG 2221:0 @!@!@
  line 558, col 6 to line 558, col 65 of module CBCCasperSpec: 0
@!@!@ENDMSG 2221 @!@!@
@!@!@STARTMSG 2221:0 @!@!@
  line 566, col 13 to line 566, col 59 of module CBCCasperSpec: 0
@!@!@ENDMSG 2221 @!@!@
@!@!@STARTMSG 2772:0 @!@!@
<Send_Drop line 569, col 1 to line 569, col 9 of module CBCCasperSpec>: 0:0
@!@!@ENDMSG 2772 @!@!@
@!@!@STARTMSG 2221:0 @!@!@
  line 573, col 13 to line 573, col 90 of module CBCCasperSpec: 0
@!@!@ENDMSG 2221 @!@!@
@!@!@STARTMSG 2221:0 @!@!@
  line 574, col 13 to line 574, col 111 of module CBCCasperSpec: 0
@!@!@ENDMSG 2221 @!@!@
@!@!@STARTMSG 2221:0 @!@!@
  line 575, col 13 to line 575, col 87 of module CBCCasperSpec: 0
@!@!@ENDMSG 2221 @!@!@
@!@!@STARTMSG 2221:0 @!@!@
  line 576, col 13 to line 576, col 70 of module CBCCasperSpec: 0
@!@!@ENDMSG 2221 @!@!@
@!@!@STARTMSG 2772:0 @!@!@
<Send_Equiv_Est line 580, col 1 to line 580, col 14 of module CBCCasperSpec>: 0:0
@!@!@ENDMSG 2772 @!@!@
@!@!@STARTMSG 2221:0 @!@!@
  line 555, col 6 to line 555, col 53 of module CBCCasperSpec: 0
@!@!@ENDMSG 2221 @!@!@
@!@!@STARTMSG 2221:0 @!@!@
  line 556, col 6 to line 556, col 68 of module CBCCasperSpec: 0
@!@!@ENDMSG 2221 @!@!@
@!@!@STARTMSG 2221:0 @!@!@
  line 557, col 6 to line 557, col 89 of module CBCCasperSpec: 0
@!@!@ENDMSG 2221 @!@!@
@!@!@STARTMSG 2221:0 @!@!@
  line 558, col 6 to line 558, col 65 of module CBCCasperSpec: 0
@!@!@ENDMSG 2221 @!@!@
@!@!@STARTMSG 2221:0 @!@!@
  line 555, col 6 to line 555, col 53 of module CBCCasperSpec: 0
@!@!@ENDMSG 2221 @!@!@
@!@!@STARTMSG 2221:0 @!@!@
  line 556, col 6 to line 556, col 68 of module CBCCasperSpec: 0
@!@!@ENDMSG 2221 @!@!@
@!@!@STARTMSG 2221:0 @!@!@
  line 557, col 6 to line 557, col 89 of module CBCCasperSpec: 0
@!@!@ENDMSG 2221 @!@!@
@!@!@STARTMSG 2221:0 @!@!@
  line 558, col 6 to line 558, col 65 of module CBCCasperSpec: 0
@!@!@ENDMSG 2221 @!@!@
@!@!@STARTMSG 2221:0 @!@!@
  line 589, col 12 to line 589, col 48 of module CBCCasperSpec: 0
@!@!@ENDMSG 2221 @!@!@
@!@!@STARTMSG 2772:0 @!@!@
<Send_Equiv_Just line 592, col 1 to line 592, col 15 of module CBCCasperSpec>: 0:0
@!@!@ENDMSG 2772 @!@!@
@!@!@STARTMSG 2221:0 @!@!@
  line 555, col 6 to line 555, col 53 of module CBCCasperSpec: 0
@!@!@ENDMSG 2221 @!@!@
@!@!@STARTMSG 2221:0 @!@!@
  line 556, col 6 to line 556, col 68 of module CBCCasperSpec: 0
@!@!@ENDMSG 2221 @!@!@
@!@!@STARTMSG 2221:0 @!@!@
  line 557, col 6 to line 557, col 89 of module CBCCasperSpec: 0
@!@!@ENDMSG 2221 @!@!@
@!@!@STARTMSG 2221:0 @!@!@
  line 558, col 6 to line 558, col 65 of module CBCCasperSpec: 0
@!@!@ENDMSG 2221 @!@!@
@!@!@STARTMSG 2221:0 @!@!@
  line 555, col 6 to line 555, col 53 of module CBCCasperSpec: 0
@!@!@ENDMSG 2221 @!@!@
@!@!@STARTMSG 2221:0 @!@!@
  line 556, col 6 to line 556, col 68 of module CBCCasperSpec: 0
@!@!@ENDMSG 2221 @!@!@
@!@!@STARTMSG 2221:0 @!@!@
  line 557, col 6 to line 557, col 89 of module CBCCasperSpec: 0
@!@!@ENDMSG 2221 @!@!@
@!@!@STARTMSG 2221:0 @!@!@
  line 558, col 6 to line 558, col 65 of module CBCCasperSpec: 0
@!@!@ENDMSG 2221 @!@!@
@!@!@STARTMSG 2221:0 @!@!@
  line 602, col 12 to line 602, col 48 of module CBCCasperSpec: 0
@!@!@ENDMSG 2221 @!@!@
@!@!@STARTMSG 2772:0 @!@!@
<Send_Equiv_Both line 605, col 1 to line 605, col 15 of module CBCCasperSpec>: 0:0
@!@!@ENDMSG 2772 @!@!@
@!@!@STARTMSG 2221:0 @!@!@
  line 555, col 6 to line 555, col 53 of module CBCCasperSpec: 0
@!@!@ENDMSG 2221 @!@!@
@!@!@STARTMSG 2221:0 @!@!@
  line 556, col 6 to line 556, col 68 of module CBCCasperSpec: 0
@!@!@ENDMSG 2221 @!@!@
@!@!@STARTMSG 2221:0 @!@!@
  line 557, col 6 to line 557, col 89 of module CBCCasperSpec: 0
@!@!@ENDMSG 2221 @!@!@
@!@!@STARTMSG 2221:0 @!@!@
  line 558, col 6 to line 558, col 65 of module CBCCasperSpec: 0
@!@!@ENDMSG 2221 @!@!@
@!@!@STARTMSG 2221:0 @!@!@
  line 555, col 6 to line 555, col 53 of module CBCCasperSpec: 0
@!@!@ENDMSG 2221 @!@!@
@!@!@STARTMSG 2221:0 @!@!@
  line 556, col 6 to line 556, col 68 of module CBCCasperSpec: 0
@!@!@ENDMSG 2221 @!@!@
@!@!@STARTMSG 2221:0 @!@!@
  line 557, col 6 to line 557, col 89 of module CBCCasperSpec: 0
@!@!@ENDMSG 2221 @!@!@
@!@!@STARTMSG 2221:0 @!@!@
  line 558, col 6 to line 558, col 65 of module CBCCasperSpec: 0
@!@!@ENDMSG 2221 @!@!@
@!@!@STARTMSG 2221:0 @!@!@
  line 616, col 12 to line 616, col 48 of module CBCCasperSpec: 0
@!@!@ENDMSG 2221 @!@!@
@!@!@STARTMSG 2772:0 @!@!@
<HandleEquiv line 633, col 1 to line 633, col 11 of module CBCCasperSpec>: 0:0
@!@!@ENDMSG 2772 @!@!@
@!@!@STARTMSG 2221:0 @!@!@
  line 639, col 13 to line 639, col 78 of module CBCCasperSpec: 0
@!@!@ENDMSG 2221 @!@!@
@!@!@STARTMSG 2221:0 @!@!@
  line 640, col 13 to line 640, col 83 of module CBCCasperSpec: 0
@!@!@ENDMSG 2221 @!@!@
@!@!@STARTMSG 2221:0 @!@!@
  line 641, col 13 to line 641, col 78 of module CBCCasperSpec: 0
@!@!@ENDMSG 2221 @!@!@
@!@!@STARTMSG 2221:0 @!@!@
  line 642, col 13 to line 642, col 70 of module CBCCasperSpec: 0
@!@!@ENDMSG 2221 @!@!@
@!@!@STARTMSG 2774:0 @!@!@
<TypeOK line 509, col 1 to line 509, col 6 of module CBCCasperSpec>
@!@!@ENDMSG 2774 @!@!@
@!@!@STARTMSG 2202:0 @!@!@
End of statistics.
@!@!@ENDMSG 2202 @!@!@
@!@!@STARTMSG 2200:0 @!@!@
Progress(1) at 2019-12-18 17:34:04: 0 states generated (0 s/min), 0 distinct states found (0 ds/min), 0 states left on queue.
@!@!@ENDMSG 2200 @!@!@
@!@!@STARTMSG 2199:0 @!@!@
0 states generated, 0 distinct states found, 0 states left on queue.
@!@!@ENDMSG 2199 @!@!@
@!@!@STARTMSG 2186:0 @!@!@
Finished in 1069ms at (2019-12-18 17:34:04)
@!@!@ENDMSG 2186 @!@!@
